<?xml version="1.0" encoding="utf-8"?><testsuites name="pytest tests"><testsuite name="pytest" errors="0" failures="0" skipped="47" tests="1558" time="87.724" timestamp="2026-06-25T16:11:48.791135+05:30" hostname="BHARATHs-MacBook-Air.local"><testcase classname="tests.mcmc_test" name="test_c2st_slice_np_on_Gaussian[1]" file="tests/mcmc_test.py" line="22" time="1.406" /><testcase classname="tests.density_estimator_test" name="test_density_estimator_sample_shapes[1-condition_event_shape1-input_event_shape1-sample_shape2-build_made]" file="tests/density_estimator_test.py" line="204" time="0.035" /><testcase classname="tests.density_estimator_test" name="test_density_estimator_log_prob_shapes_with_embedding[1-condition_event_shape2-input_event_shape1-1-build_zuko_nsf]" file="tests/density_estimator_test.py" line="178" time="0.058" /><testcase classname="tests.density_estimator_test" name="test_density_estimator_log_prob_shapes_with_embedding[1-condition_event_shape0-input_event_shape0-1-build_zuko_naf]" file="tests/density_estimator_test.py" line="178" time="0.036" /><testcase classname="tests.density_estimator_test" name="test_density_estimator_log_prob_shapes_with_embedding[10-condition_event_shape1-input_event_shape0-2-build_maf_rqs]" file="tests/density_estimator_test.py" line="178" time="0.047" /><testcase classname="tests.embedding_net_test" name="test_spectral_conf_embedding[3-5-8-input_shape1]" file="tests/embedding_net_test.py" line="199" time="2.678" /><testcase classname="tests.density_estimator_test" name="test_density_estimator_sample_shapes[10-condition_event_shape1-input_event_shape0-sample_shape2-build_zuko_nice]" file="tests/density_estimator_test.py" line="204" time="0.023" /><testcase classname="tests.density_estimator_test" name="test_density_estimator_sample_shapes[1-condition_event_shape0-input_event_shape0-sample_shape0-build_zuko_nsf]" file="tests/density_estimator_test.py" line="204" time="0.030" /><testcase classname="tests.abc_test" name="test_mcabc_coverage[mcabc-sass-deg2]" file="tests/abc_test.py" line="272" time="0.047" /><testcase classname="tests.density_estimator_test" name="test_log_prob_broadcasting_batch_dims[condition_event_shape1-input_event_shape0-build_zuko_nsf]" file="tests/density_estimator_test.py" line="287" time="0.039" /><testcase classname="tests.density_estimator_test" name="test_density_estimator_sample_shapes[10-condition_event_shape1-input_event_shape1-sample_shape0-build_maf]" file="tests/density_estimator_test.py" line="204" time="0.022" /><testcase classname="tests.density_estimator_test" name="test_density_estimator_log_prob_shapes_with_embedding[1-condition_event_shape0-input_event_shape0-1-build_zuko_ncsf]" file="tests/density_estimator_test.py" line="178" time="0.022" /><testcase classname="tests.density_estimator_test" name="test_density_estimator_sample_shapes[1-condition_event_shape1-input_event_shape1-sample_shape2-build_zuko_gf]" file="tests/density_estimator_test.py" line="204" time="0.017" /><testcase classname="tests.density_estimator_test" name="test_density_estimator_sample_shapes[1-condition_event_shape0-input_event_shape0-sample_shape1-build_maf]" file="tests/density_estimator_test.py" line="204" time="0.009" /><testcase classname="tests.density_estimator_test" name="test_density_estimator_sample_shapes[1-condition_event_shape0-input_event_shape0-sample_shape1-build_zuko_maf]" file="tests/density_estimator_test.py" line="204" time="0.011" /><testcase classname="tests.density_estimator_test" name="test_density_estimator_sample_shapes[10-condition_event_shape1-input_event_shape1-sample_shape0-build_zuko_maf]" file="tests/density_estimator_test.py" line="204" time="0.024" /><testcase classname="tests.density_estimator_test" name="test_log_prob_condition_with_sample_dim[1-condition_event_shape0-input_event_shape0-build_zuko_nsf]" file="tests/density_estimator_test.py" line="312" time="0.032" /><testcase classname="tests.density_estimator_test" name="test_density_estimator_log_prob_shapes_with_embedding[10-condition_event_shape1-input_event_shape0-2-build_zuko_nice]" file="tests/density_estimator_test.py" line="178" time="0.031" /><testcase classname="tests.abc_test" name="test_mcabc_coverage[mcabc-kde-numeric]" file="tests/abc_test.py" line="272" time="0.013" /><testcase classname="tests.density_estimator_test" name="test_density_estimator_sample_shapes[1-condition_event_shape0-input_event_shape0-sample_shape1-build_zuko_ncsf]" file="tests/density_estimator_test.py" line="204" time="0.007" /><testcase classname="tests.density_estimator_test" name="test_density_estimator_sample_shapes[1-condition_event_shape1-input_event_shape1-sample_shape2-build_zuko_maf]" file="tests/density_estimator_test.py" line="204" time="0.019" /><testcase classname="tests.density_estimator_test" name="test_density_estimator_log_prob_shapes_with_embedding[1-condition_event_shape2-input_event_shape1-1-build_zuko_sospf]" file="tests/density_estimator_test.py" line="178" time="0.038" /><testcase classname="tests.density_estimator_test" name="test_density_estimator_sample_shapes[1-condition_event_shape0-input_event_shape0-sample_shape2-build_maf]" file="tests/density_estimator_test.py" line="204" time="0.010" /><testcase classname="tests.density_estimator_test" name="test_density_estimator_log_prob_shapes_with_embedding[1-condition_event_shape0-input_event_shape0-1-build_zuko_nsf]" file="tests/density_estimator_test.py" line="178" time="0.025" /><testcase classname="tests.abc_test" name="test_mcabc_coverage[mcabc-custom-distance]" file="tests/abc_test.py" line="272" time="0.006" /><testcase classname="tests.abc_test" name="test_smcabc_coverage[smcabc-uniform-kernel]" file="tests/abc_test.py" line="313" time="0.123" /><testcase classname="tests.density_estimator_test" name="test_density_estimator_sample_shapes[1-condition_event_shape0-input_event_shape0-sample_shape2-build_zuko_gf]" file="tests/density_estimator_test.py" line="204" time="0.008" /><testcase classname="tests.density_estimator_test" name="test_density_estimator_sample_shapes[10-condition_event_shape1-input_event_shape1-sample_shape0-build_zuko_naf]" file="tests/density_estimator_test.py" line="204" time="0.167" /><testcase classname="tests.density_estimator_test" name="test_density_estimator_sample_shapes[1-condition_event_shape1-input_event_shape1-sample_shape2-build_zuko_nice]" file="tests/density_estimator_test.py" line="204" time="0.013" /><testcase classname="tests.density_estimator_test" name="test_log_prob_condition_with_sample_dim[1-condition_event_shape1-input_event_shape0-build_zuko_nsf]" file="tests/density_estimator_test.py" line="312" time="0.021" /><testcase classname="tests.density_estimator_test" name="test_density_estimator_log_prob_shapes_with_embedding[10-condition_event_shape1-input_event_shape0-2-build_zuko_sospf]" file="tests/density_estimator_test.py" line="178" time="0.022" /><testcase classname="tests.density_estimator_test" name="test_density_estimator_sample_shapes[1-condition_event_shape0-input_event_shape0-sample_shape2-build_zuko_nsf]" file="tests/density_estimator_test.py" line="204" time="0.006" /><testcase classname="tests.density_estimator_test" name="test_density_estimator_log_prob_shapes_with_embedding[1-condition_event_shape0-input_event_shape0-1-build_zuko_unaf]" file="tests/density_estimator_test.py" line="178" time="0.025" /><testcase classname="tests.density_estimator_test" name="test_density_estimator_sample_shapes[1-condition_event_shape0-input_event_shape0-sample_shape2-build_zuko_unaf]" file="tests/density_estimator_test.py" line="204" time="0.059" /><testcase classname="tests.density_estimator_test" name="test_density_estimator_sample_shapes[10-condition_event_shape0-input_event_shape0-sample_shape0-build_made]" file="tests/density_estimator_test.py" line="204" time="0.008" /><testcase classname="tests.density_estimator_test" name="test_density_estimator_log_prob_shapes_with_embedding[1-condition_event_shape2-input_event_shape1-2-build_zuko_gf]" file="tests/density_estimator_test.py" line="178" time="0.019" /><testcase classname="tests.density_estimator_test" name="test_density_estimator_sample_shapes[10-condition_event_shape0-input_event_shape0-sample_shape0-build_zuko_naf]" file="tests/density_estimator_test.py" line="204" time="0.042" /><testcase classname="tests.density_estimator_test" name="test_log_prob_condition_with_sample_dim[5-condition_event_shape0-input_event_shape0-build_zuko_nsf]" file="tests/density_estimator_test.py" line="312" time="0.019" /><testcase classname="tests.density_estimator_test" name="test_density_estimator_log_prob_shapes_with_embedding[10-condition_event_shape1-input_event_shape1-1-build_made]" file="tests/density_estimator_test.py" line="178" time="0.013" /><testcase classname="tests.density_estimator_test" name="test_density_estimator_log_prob_shapes_with_embedding[1-condition_event_shape0-input_event_shape0-2-build_made]" file="tests/density_estimator_test.py" line="178" time="0.015" /><testcase classname="tests.density_estimator_test" name="test_density_estimator_log_prob_shapes_with_embedding[10-condition_event_shape1-input_event_shape1-1-build_mdn]" file="tests/density_estimator_test.py" line="178" time="0.013" /><testcase classname="tests.density_estimator_test" name="test_density_estimator_log_prob_shapes_with_embedding[1-condition_event_shape2-input_event_shape1-2-build_zuko_maf]" file="tests/density_estimator_test.py" line="178" time="0.016" /><testcase classname="tests.density_estimator_test" name="test_log_prob_condition_with_sample_dim[5-condition_event_shape1-input_event_shape0-build_zuko_nsf]" file="tests/density_estimator_test.py" line="312" time="0.015" /><testcase classname="tests.density_estimator_test" name="test_density_estimator_log_prob_shapes_with_embedding[1-condition_event_shape0-input_event_shape0-2-build_nsf]" file="tests/density_estimator_test.py" line="178" time="0.020" /><testcase classname="tests.density_estimator_test" name="test_density_estimator_log_prob_shapes_with_embedding[10-condition_event_shape1-input_event_shape1-1-build_nsf]" file="tests/density_estimator_test.py" line="178" time="0.026" /><testcase classname="tests.density_estimator_test" name="test_density_estimator_log_prob_shapes_with_embedding[1-condition_event_shape3-input_event_shape0-1-build_made]" file="tests/density_estimator_test.py" line="178" time="0.017" /><testcase classname="tests.density_estimator_test" name="test_correctness_of_batched_vs_seperate_sample_and_log_prob[sample_shape0-condition_event_shape0-input_event_shape0-build_nsf]" file="tests/density_estimator_test.py" line="342" time="0.085" /><testcase classname="tests.density_estimator_test" name="test_density_estimator_sample_shapes[10-condition_event_shape0-input_event_shape0-sample_shape0-build_zuko_nsf]" file="tests/density_estimator_test.py" line="204" time="0.017" /><testcase classname="tests.density_estimator_test" name="test_density_estimator_log_prob_shapes_with_embedding[1-condition_event_shape0-input_event_shape0-2-build_zuko_maf]" file="tests/density_estimator_test.py" line="178" time="0.010" /><testcase classname="tests.density_estimator_test" name="test_density_estimator_sample_shapes[1-condition_event_shape0-input_event_shape1-sample_shape0-build_maf_rqs]" file="tests/density_estimator_test.py" line="204" time="0.045" /><testcase classname="tests.density_estimator_test" name="test_density_estimator_log_prob_shapes_with_embedding[1-condition_event_shape3-input_event_shape0-1-build_zuko_nsf]" file="tests/density_estimator_test.py" line="178" time="0.021" /><testcase classname="tests.density_estimator_test" name="test_density_estimator_sample_shapes[10-condition_event_shape0-input_event_shape0-sample_shape0-build_zuko_unaf]" file="tests/density_estimator_test.py" line="204" time="0.064" /><testcase classname="tests.density_estimator_test" name="test_density_estimator_log_prob_shapes_with_embedding[10-condition_event_shape1-input_event_shape1-1-build_zuko_gf]" file="tests/density_estimator_test.py" line="178" time="0.012" /><testcase classname="tests.density_estimator_test" name="test_density_estimator_log_prob_shapes_with_embedding[1-condition_event_shape0-input_event_shape0-2-build_zuko_nsf]" file="tests/density_estimator_test.py" line="178" time="0.013" /><testcase classname="tests.density_estimator_test" name="test_density_estimator_log_prob_shapes_with_embedding[10-condition_event_shape1-input_event_shape1-1-build_zuko_ncsf]" file="tests/density_estimator_test.py" line="178" time="0.021" /><testcase classname="tests.density_estimator_test" name="test_density_estimator_log_prob_shapes_with_embedding[1-condition_event_shape3-input_event_shape0-1-build_zuko_unaf]" file="tests/density_estimator_test.py" line="178" time="0.037" /><testcase classname="tests.density_estimator_test" name="test_density_estimator_log_prob_shapes_with_embedding[1-condition_event_shape0-input_event_shape1-1-build_zuko_naf]" file="tests/density_estimator_test.py" line="178" time="0.019" /><testcase classname="tests.density_estimator_test" name="test_density_estimator_sample_shapes[1-condition_event_shape0-input_event_shape1-sample_shape0-build_zuko_sospf]" file="tests/density_estimator_test.py" line="204" time="0.066" /><testcase classname="tests.abc_test" name="test_smcabc_coverage[smcabc-constant-decay]" file="tests/abc_test.py" line="313" time="0.370" /><testcase classname="tests.density_estimator_test" name="test_density_estimator_log_prob_shapes_with_embedding[1-condition_event_shape0-input_event_shape1-2-build_made]" file="tests/density_estimator_test.py" line="178" time="0.033" /><testcase classname="tests.density_estimator_test" name="test_density_estimator_log_prob_shapes_with_embedding[10-condition_event_shape1-input_event_shape1-1-build_zuko_nsf]" file="tests/density_estimator_test.py" line="178" time="0.022" /><testcase classname="tests.density_estimator_test" name="test_density_estimator_log_prob_shapes_with_embedding[1-condition_event_shape3-input_event_shape0-2-build_made]" file="tests/density_estimator_test.py" line="178" time="0.019" /><testcase classname="tests.density_estimator_test" name="test_density_estimator_log_prob_shapes_with_embedding[10-condition_event_shape1-input_event_shape1-2-build_zuko_maf]" file="tests/density_estimator_test.py" line="178" time="0.016" /><testcase classname="tests.density_estimator_test" name="test_correctness_of_batched_vs_seperate_sample_and_log_prob[sample_shape1-condition_event_shape0-input_event_shape0-build_nsf]" file="tests/density_estimator_test.py" line="342" time="0.076" /><testcase classname="tests.density_estimator_test" name="test_density_estimator_sample_shapes[10-condition_event_shape0-input_event_shape0-sample_shape1-build_mdn]" file="tests/density_estimator_test.py" line="204" time="0.009" /><testcase classname="tests.density_estimator_test" name="test_density_estimator_log_prob_shapes_with_embedding[1-condition_event_shape0-input_event_shape1-2-build_mdn]" file="tests/density_estimator_test.py" line="178" time="0.013" /><testcase classname="tests.density_estimator_test" name="test_density_estimator_sample_shapes[10-condition_event_shape0-input_event_shape0-sample_shape1-build_zuko_bpf]" file="tests/density_estimator_test.py" line="204" time="0.016" /><testcase classname="tests.density_estimator_test" name="test_density_estimator_log_prob_shapes_with_embedding[1-condition_event_shape3-input_event_shape0-2-build_mdn]" file="tests/density_estimator_test.py" line="178" time="0.013" /><testcase classname="tests.density_estimator_test" name="test_density_estimator_sample_shapes[10-condition_event_shape1-input_event_shape1-sample_shape0-build_zuko_ncsf]" file="tests/density_estimator_test.py" line="204" time="0.040" /><testcase classname="tests.density_estimator_test" name="test_density_estimator_log_prob_shapes_with_embedding[10-condition_event_shape2-input_event_shape0-1-build_maf]" file="tests/density_estimator_test.py" line="178" time="0.017" /><testcase classname="tests.density_estimator_test" name="test_density_estimator_log_prob_shapes_with_embedding[1-condition_event_shape0-input_event_shape1-2-build_maf]" file="tests/density_estimator_test.py" line="178" time="0.013" /><testcase classname="tests.density_estimator_test" name="test_density_estimator_log_prob_shapes_with_embedding[1-condition_event_shape3-input_event_shape0-2-build_zuko_bpf]" file="tests/density_estimator_test.py" line="178" time="0.017" /><testcase classname="tests.density_estimator_test" name="test_density_estimator_sample_shapes[10-condition_event_shape0-input_event_shape0-sample_shape1-build_zuko_maf]" file="tests/density_estimator_test.py" line="204" time="0.005" /><testcase classname="tests.density_estimator_test" name="test_density_estimator_sample_shapes[10-condition_event_shape0-input_event_shape0-sample_shape1-build_zuko_nsf]" file="tests/density_estimator_test.py" line="204" time="0.009" /><testcase classname="tests.density_estimator_test" name="test_density_estimator_log_prob_shapes_with_embedding[1-condition_event_shape0-input_event_shape1-2-build_zuko_maf]" file="tests/density_estimator_test.py" line="178" time="0.013" /><testcase classname="tests.density_estimator_test" name="test_density_estimator_log_prob_shapes_with_embedding[10-condition_event_shape2-input_event_shape0-1-build_zuko_nice]" file="tests/density_estimator_test.py" line="178" time="0.011" /><testcase classname="tests.density_estimator_test" name="test_density_estimator_sample_shapes[1-condition_event_shape0-input_event_shape1-sample_shape1-build_maf_rqs]" file="tests/density_estimator_test.py" line="204" time="0.039" /><testcase classname="tests.density_estimator_test" name="test_density_estimator_sample_shapes[10-condition_event_shape0-input_event_shape0-sample_shape2-build_mdn]" file="tests/density_estimator_test.py" line="204" time="0.007" /><testcase classname="tests.density_estimator_test" name="test_density_estimator_log_prob_shapes_with_embedding[1-condition_event_shape3-input_event_shape0-2-build_zuko_nice]" file="tests/density_estimator_test.py" line="178" time="0.017" /><testcase classname="tests.density_estimator_test" name="test_density_estimator_log_prob_shapes_with_embedding[1-condition_event_shape0-input_event_shape1-2-build_zuko_nsf]" file="tests/density_estimator_test.py" line="178" time="0.023" /><testcase classname="tests.density_estimator_test" name="test_density_estimator_log_prob_shapes_with_embedding[10-condition_event_shape2-input_event_shape0-1-build_zuko_sospf]" file="tests/density_estimator_test.py" line="178" time="0.015" /><testcase classname="tests.density_estimator_test" name="test_density_estimator_sample_shapes[10-condition_event_shape0-input_event_shape0-sample_shape2-build_maf]" file="tests/density_estimator_test.py" line="204" time="0.014" /><testcase classname="tests.density_estimator_test" name="test_density_estimator_sample_shapes[10-condition_event_shape1-input_event_shape1-sample_shape1-build_maf]" file="tests/density_estimator_test.py" line="204" time="0.010" /><testcase classname="tests.density_estimator_test" name="test_density_estimator_log_prob_shapes_with_embedding[1-condition_event_shape3-input_event_shape1-1-build_mdn]" file="tests/density_estimator_test.py" line="178" time="0.014" /><testcase classname="tests.density_estimator_test" name="test_density_estimator_log_prob_shapes_with_embedding[10-condition_event_shape2-input_event_shape0-2-build_made]" file="tests/density_estimator_test.py" line="178" time="0.018" /><testcase classname="tests.density_estimator_test" name="test_density_estimator_sample_shapes[10-condition_event_shape0-input_event_shape0-sample_shape2-build_maf_rqs]" file="tests/density_estimator_test.py" line="204" time="0.021" /><testcase classname="tests.density_estimator_test" name="test_density_estimator_sample_shapes[10-condition_event_shape1-input_event_shape1-sample_shape1-build_maf_rqs]" file="tests/density_estimator_test.py" line="204" time="0.043" /><testcase classname="tests.density_estimator_test" name="test_density_estimator_log_prob_shapes_with_embedding[1-condition_event_shape1-input_event_shape0-1-build_nsf]" file="tests/density_estimator_test.py" line="178" time="0.012" /><testcase classname="tests.density_estimator_test" name="test_density_estimator_log_prob_shapes_with_embedding[1-condition_event_shape3-input_event_shape1-1-build_zuko_maf]" file="tests/density_estimator_test.py" line="178" time="0.017" /><testcase classname="tests.density_estimator_test" name="test_density_estimator_sample_shapes[1-condition_event_shape0-input_event_shape1-sample_shape2-build_made]" file="tests/density_estimator_test.py" line="204" time="0.016" /><testcase classname="tests.density_estimator_test" name="test_mixed_density_estimator[sample_shape0-build_mnle-1-input_event_shape0-condition_event_shape0-1]" file="tests/density_estimator_test.py" line="474" time="0.017" /><testcase classname="tests.density_estimator_test" name="test_density_estimator_log_prob_shapes_with_embedding[10-condition_event_shape2-input_event_shape0-2-build_maf_rqs]" file="tests/density_estimator_test.py" line="178" time="0.021" /><testcase classname="tests.density_estimator_test" name="test_density_estimator_log_prob_shapes_with_embedding[1-condition_event_shape1-input_event_shape0-1-build_zuko_bpf]" file="tests/density_estimator_test.py" line="178" time="0.012" /><testcase classname="tests.density_estimator_test" name="test_density_estimator_sample_shapes[10-condition_event_shape0-input_event_shape0-sample_shape2-build_zuko_nsf]" file="tests/density_estimator_test.py" line="204" time="0.011" /><testcase classname="tests.density_estimator_test" name="test_density_estimator_log_prob_shapes_with_embedding[1-condition_event_shape3-input_event_shape1-1-build_zuko_naf]" file="tests/density_estimator_test.py" line="178" time="0.025" /><testcase classname="tests.density_estimator_test" name="test_density_estimator_sample_shapes[1-condition_event_shape0-input_event_shape1-sample_shape2-build_mdn]" file="tests/density_estimator_test.py" line="204" time="0.009" /><testcase classname="tests.density_estimator_test" name="test_density_estimator_log_prob_shapes_with_embedding[1-condition_event_shape1-input_event_shape0-1-build_zuko_ncsf]" file="tests/density_estimator_test.py" line="178" time="0.013" /><testcase classname="tests.density_estimator_test" name="test_mixed_density_estimator[sample_shape0-build_mnpe-1-input_event_shape5-condition_event_shape5-1]" file="tests/density_estimator_test.py" line="474" time="0.024" /><testcase classname="tests.density_estimator_test" name="test_density_estimator_sample_shapes[10-condition_event_shape0-input_event_shape0-sample_shape2-build_zuko_sospf]" file="tests/density_estimator_test.py" line="204" time="0.015" /><testcase classname="tests.density_estimator_test" name="test_density_estimator_log_prob_shapes_with_embedding[10-condition_event_shape2-input_event_shape0-2-build_nsf]" file="tests/density_estimator_test.py" line="178" time="0.018" /><testcase classname="tests.density_estimator_test" name="test_density_estimator_sample_shapes[1-condition_event_shape0-input_event_shape1-sample_shape2-build_maf]" file="tests/density_estimator_test.py" line="204" time="0.014" /><testcase classname="tests.density_estimator_test" name="test_density_estimator_sample_shapes[10-condition_event_shape1-input_event_shape1-sample_shape1-build_zuko_naf]" file="tests/density_estimator_test.py" line="204" time="0.110" /><testcase classname="tests.density_estimator_test" name="test_density_estimator_log_prob_shapes_with_embedding[1-condition_event_shape1-input_event_shape0-1-build_zuko_sospf]" file="tests/density_estimator_test.py" line="178" time="0.017" /><testcase classname="tests.density_estimator_test" name="test_density_estimator_sample_shapes[10-condition_event_shape0-input_event_shape0-sample_shape2-build_zuko_unaf]" file="tests/density_estimator_test.py" line="204" time="0.367" /><testcase classname="tests.density_estimator_test" name="test_density_estimator_log_prob_shapes_with_embedding[1-condition_event_shape3-input_event_shape1-1-build_zuko_nice]" file="tests/density_estimator_test.py" line="178" time="0.017" /><testcase classname="tests.density_estimator_test" name="test_density_estimator_sample_shapes[1-condition_event_shape0-input_event_shape1-sample_shape2-build_zuko_naf]" file="tests/density_estimator_test.py" line="204" time="0.116" /><testcase classname="tests.density_estimator_test" name="test_mixed_density_estimator[sample_shape0-build_mnpe-1-input_event_shape9-condition_event_shape9-10]" file="tests/density_estimator_test.py" line="474" time="0.042" /><testcase classname="tests.density_estimator_test" name="test_density_estimator_log_prob_shapes_with_embedding[10-condition_event_shape2-input_event_shape1-1-build_maf_rqs]" file="tests/density_estimator_test.py" line="178" time="0.024" /><testcase classname="tests.density_estimator_test" name="test_density_estimator_log_prob_shapes_with_embedding[1-condition_event_shape1-input_event_shape0-2-build_maf_rqs]" file="tests/density_estimator_test.py" line="178" time="0.023" /><testcase classname="tests.density_estimator_test" name="test_density_estimator_log_prob_shapes_with_embedding[1-condition_event_shape3-input_event_shape1-1-build_zuko_nsf]" file="tests/density_estimator_test.py" line="178" time="0.036" /><testcase classname="tests.density_estimator_test" name="test_density_estimator_log_prob_shapes_with_embedding[1-condition_event_shape1-input_event_shape0-2-build_zuko_maf]" file="tests/density_estimator_test.py" line="178" time="0.023" /><testcase classname="tests.density_estimator_test" name="test_density_estimator_log_prob_shapes_with_embedding[10-condition_event_shape2-input_event_shape1-1-build_zuko_naf]" file="tests/density_estimator_test.py" line="178" time="0.032" /><testcase classname="tests.density_estimator_test" name="test_mixed_density_estimator[sample_shape0-build_categoricalmassestimator-1-input_event_shape10-condition_event_shape10-10]" file="tests/density_estimator_test.py" line="474" time="0.017" /><testcase classname="tests.density_estimator_test" name="test_density_estimator_log_prob_shapes_with_embedding[1-condition_event_shape3-input_event_shape1-2-build_made]" file="tests/density_estimator_test.py" line="178" time="0.016" /><testcase classname="tests.density_estimator_test" name="test_density_estimator_log_prob_shapes_with_embedding[1-condition_event_shape1-input_event_shape0-2-build_zuko_nsf]" file="tests/density_estimator_test.py" line="178" time="0.022" /><testcase classname="tests.density_estimator_test" name="test_density_estimator_log_prob_shapes_with_embedding[10-condition_event_shape2-input_event_shape1-1-build_zuko_ncsf]" file="tests/density_estimator_test.py" line="178" time="0.027" /><testcase classname="tests.density_estimator_test" name="test_mixed_density_estimator[sample_shape1-build_mnle-1-input_event_shape0-condition_event_shape0-1]" file="tests/density_estimator_test.py" line="474" time="0.011" /><testcase classname="tests.density_estimator_test" name="test_density_estimator_log_prob_shapes_with_embedding[1-condition_event_shape3-input_event_shape1-2-build_nsf]" file="tests/density_estimator_test.py" line="178" time="0.028" /><testcase classname="tests.density_estimator_test" name="test_mixed_density_estimator[sample_shape1-build_mnle-1-input_event_shape4-condition_event_shape4-10]" file="tests/density_estimator_test.py" line="474" time="0.053" /><testcase classname="tests.density_estimator_test" name="test_density_estimator_log_prob_shapes_with_embedding[1-condition_event_shape1-input_event_shape0-2-build_zuko_unaf]" file="tests/density_estimator_test.py" line="178" time="0.023" /><testcase classname="tests.density_estimator_test" name="test_density_estimator_log_prob_shapes_with_embedding[10-condition_event_shape2-input_event_shape1-1-build_zuko_nsf]" file="tests/density_estimator_test.py" line="178" time="0.039" /><testcase classname="tests.density_estimator_test" name="test_density_estimator_log_prob_shapes_with_embedding[1-condition_event_shape3-input_event_shape1-2-build_zuko_maf]" file="tests/density_estimator_test.py" line="178" time="0.025" /><testcase classname="tests.density_estimator_test" name="test_density_estimator_sample_shapes[10-condition_event_shape1-input_event_shape1-sample_shape2-build_zuko_ncsf]" file="tests/density_estimator_test.py" line="204" time="0.050" /><testcase classname="tests.density_estimator_test" name="test_density_estimator_log_prob_shapes_with_embedding[1-condition_event_shape1-input_event_shape1-1-build_made]" file="tests/density_estimator_test.py" line="178" time="0.017" /><testcase classname="tests.density_estimator_test" name="test_density_estimator_sample_shapes[1-condition_event_shape0-input_event_shape1-sample_shape2-build_zuko_ncsf]" file="tests/density_estimator_test.py" line="204" time="0.043" /><testcase classname="tests.density_estimator_test" name="test_density_estimator_log_prob_shapes_with_embedding[1-condition_event_shape1-input_event_shape1-1-build_nsf]" file="tests/density_estimator_test.py" line="178" time="0.019" /><testcase classname="tests.density_estimator_test" name="test_density_estimator_log_prob_shapes_with_embedding[1-condition_event_shape3-input_event_shape1-2-build_zuko_nsf]" file="tests/density_estimator_test.py" line="178" time="0.028" /><testcase classname="tests.density_estimator_test" name="test_mixed_density_estimator[sample_shape1-build_mnpe-1-input_event_shape7-condition_event_shape7-10]" file="tests/density_estimator_test.py" line="474" time="0.044" /><testcase classname="tests.density_estimator_test" name="test_density_estimator_log_prob_shapes_with_embedding[10-condition_event_shape2-input_event_shape1-1-build_zuko_unaf]" file="tests/density_estimator_test.py" line="178" time="0.046" /><testcase classname="tests.density_estimator_test" name="test_density_estimator_log_prob_shapes_with_embedding[1-condition_event_shape1-input_event_shape1-1-build_zuko_sospf]" file="tests/density_estimator_test.py" line="178" time="0.018" /><testcase classname="tests.density_estimator_test" name="test_density_estimator_sample_shapes[10-condition_event_shape1-input_event_shape1-sample_shape2-build_zuko_unaf]" file="tests/density_estimator_test.py" line="204" time="5.242" /><testcase classname="tests.density_estimator_test" name="test_density_estimator_log_prob_shapes_with_embedding[1-condition_event_shape3-input_event_shape1-2-build_zuko_sospf]" file="tests/density_estimator_test.py" line="178" time="0.034" /><testcase classname="tests.density_estimator_test" name="test_density_estimator_log_prob_shapes_with_embedding[1-condition_event_shape1-input_event_shape1-1-build_zuko_unaf]" file="tests/density_estimator_test.py" line="178" time="0.034" /><testcase classname="tests.density_estimator_test" name="test_density_estimator_sample_shapes[1-condition_event_shape1-input_event_shape0-sample_shape0-build_made]" file="tests/density_estimator_test.py" line="204" time="0.005" /><testcase classname="tests.density_estimator_test" name="test_density_estimator_sample_shapes[1-condition_event_shape1-input_event_shape0-sample_shape0-build_mdn]" file="tests/density_estimator_test.py" line="204" time="0.003" /><testcase classname="tests.density_estimator_test" name="test_density_estimator_sample_shapes[1-condition_event_shape1-input_event_shape0-sample_shape0-build_zuko_gf]" file="tests/density_estimator_test.py" line="204" time="0.011" /><testcase classname="tests.density_estimator_test" name="test_mixed_density_estimator[sample_shape1-build_categoricalmassestimator-2-input_event_shape11-condition_event_shape11-10]" file="tests/density_estimator_test.py" line="474" time="0.026" /><testcase classname="tests.density_estimator_test" name="test_density_estimator_log_prob_shapes_with_embedding[10-condition_event_shape3-input_event_shape0-1-build_zuko_bpf]" file="tests/density_estimator_test.py" line="178" time="0.017" /><testcase classname="tests.density_estimator_test" name="test_density_estimator_sample_shapes[1-condition_event_shape1-input_event_shape0-sample_shape0-build_zuko_naf]" file="tests/density_estimator_test.py" line="204" time="0.028" /><testcase classname="tests.density_estimator_test" name="test_density_estimator_log_prob_shapes_with_embedding[1-condition_event_shape3-input_event_shape1-2-build_zuko_unaf]" file="tests/density_estimator_test.py" line="178" time="0.044" /><testcase classname="tests.density_estimator_test" name="test_density_estimator_log_prob_shapes_with_embedding[10-condition_event_shape3-input_event_shape0-1-build_zuko_nice]" file="tests/density_estimator_test.py" line="178" time="0.019" /><testcase classname="tests.density_estimator_test" name="test_density_estimator_log_prob_shapes_with_embedding[1-condition_event_shape1-input_event_shape1-2-build_made]" file="tests/density_estimator_test.py" line="178" time="0.017" /><testcase classname="tests.density_estimator_test" name="test_build_zuko_flow_with_valid_unconstrained_transform[x_dist1-MAF]" file="tests/density_estimator_test.py" line="560" time="0.006" /><testcase classname="tests.density_estimator_test" name="test_build_zuko_flow_missing_x_dist_raises_error[MAF]" file="tests/density_estimator_test.py" line="587" time="0.011" /><testcase classname="tests.density_estimator_test" name="test_density_estimator_sample_shapes[1-condition_event_shape1-input_event_shape0-sample_shape0-build_zuko_ncsf]" file="tests/density_estimator_test.py" line="204" time="0.007" /><testcase classname="tests.density_estimator_test" name="test_density_estimator_log_prob_shapes_with_embedding[1-condition_event_shape1-input_event_shape1-2-build_zuko_gf]" file="tests/density_estimator_test.py" line="178" time="0.025" /><testcase classname="tests.density_estimator_test" name="test_density_estimator_log_prob_shapes_with_embedding[10-condition_event_shape3-input_event_shape0-1-build_zuko_nsf]" file="tests/density_estimator_test.py" line="178" time="0.033" /><testcase classname="tests.abc_test" name="test_smcabc_coverage[smcabc-kde]" file="tests/abc_test.py" line="313" time="0.959" /><testcase classname="tests.density_estimator_test" name="test_density_estimator_sample_shapes[1-condition_event_shape1-input_event_shape0-sample_shape0-build_zuko_nice]" file="tests/density_estimator_test.py" line="204" time="0.009" /><testcase classname="tests.density_estimator_test" name="test_trainers_with_valid_and_invalid_estimator_builders[params2-NLE_A]" file="tests/density_estimator_test.py" line="632" time="1.506" /><testcase classname="tests.density_estimator_test" name="test_density_estimator_sample_shapes[1-condition_event_shape1-input_event_shape0-sample_shape0-build_zuko_nsf]" file="tests/density_estimator_test.py" line="204" time="0.010" /><testcase classname="tests.density_estimator_test" name="test_density_estimator_log_prob_shapes_with_embedding[10-condition_event_shape0-input_event_shape0-1-build_zuko_maf]" file="tests/density_estimator_test.py" line="178" time="0.013" /><testcase classname="tests.density_estimator_test" name="test_density_estimator_log_prob_shapes_with_embedding[1-condition_event_shape1-input_event_shape1-2-build_zuko_nsf]" file="tests/density_estimator_test.py" line="178" time="0.036" /><testcase classname="tests.density_estimator_test" name="test_density_estimator_sample_shapes[1-condition_event_shape1-input_event_shape0-sample_shape1-build_made]" file="tests/density_estimator_test.py" line="204" time="0.006" /><testcase classname="tests.density_estimator_test" name="test_density_estimator_sample_shapes[1-condition_event_shape1-input_event_shape0-sample_shape1-build_mdn]" file="tests/density_estimator_test.py" line="204" time="0.004" /><testcase classname="tests.density_estimator_test" name="test_density_estimator_log_prob_shapes_with_embedding[10-condition_event_shape0-input_event_shape0-1-build_zuko_ncsf]" file="tests/density_estimator_test.py" line="178" time="0.020" /><testcase classname="tests.density_estimator_test" name="test_density_estimator_log_prob_shapes_with_embedding[10-condition_event_shape3-input_event_shape0-1-build_zuko_unaf]" file="tests/density_estimator_test.py" line="178" time="0.026" /><testcase classname="tests.density_estimator_test" name="test_density_estimator_sample_shapes[1-condition_event_shape1-input_event_shape0-sample_shape1-build_maf_rqs]" file="tests/density_estimator_test.py" line="204" time="0.010" /><testcase classname="tests.density_estimator_test" name="test_density_estimator_sample_shapes[1-condition_event_shape1-input_event_shape0-sample_shape1-build_zuko_nice]" file="tests/density_estimator_test.py" line="204" time="0.005" /><testcase classname="tests.density_estimator_test" name="test_density_estimator_log_prob_shapes_with_embedding[10-condition_event_shape0-input_event_shape0-1-build_zuko_nsf]" file="tests/density_estimator_test.py" line="178" time="0.026" /><testcase classname="tests.density_estimator_test" name="test_density_estimator_sample_shapes[1-condition_event_shape1-input_event_shape0-sample_shape2-build_made]" file="tests/density_estimator_test.py" line="204" time="0.008" /><testcase classname="tests.density_estimator_test" name="test_density_estimator_log_prob_shapes_with_embedding[1-condition_event_shape1-input_event_shape1-2-build_zuko_sospf]" file="tests/density_estimator_test.py" line="178" time="0.031" /><testcase classname="tests.density_estimator_test" name="test_density_estimator_sample_shapes[1-condition_event_shape1-input_event_shape0-sample_shape2-build_maf]" file="tests/density_estimator_test.py" line="204" time="0.006" /><testcase classname="tests.density_estimator_test" name="test_density_estimator_log_prob_shapes_with_embedding[10-condition_event_shape3-input_event_shape0-2-build_maf_rqs]" file="tests/density_estimator_test.py" line="178" time="0.024" /><testcase classname="tests.density_estimator_test" name="test_density_estimator_sample_shapes[1-condition_event_shape1-input_event_shape0-sample_shape2-build_nsf]" file="tests/density_estimator_test.py" line="204" time="0.036" /><testcase classname="tests.density_estimator_test" name="test_density_estimator_log_prob_shapes_with_embedding[10-condition_event_shape0-input_event_shape0-2-build_zuko_unaf]" file="tests/density_estimator_test.py" line="178" time="0.018" /><testcase classname="tests.density_estimator_test" name="test_density_estimator_log_prob_shapes_with_embedding[10-condition_event_shape3-input_event_shape0-2-build_zuko_nice]" file="tests/density_estimator_test.py" line="178" time="0.011" /><testcase classname="tests.density_estimator_test" name="test_density_estimator_log_prob_shapes_with_embedding[1-condition_event_shape2-input_event_shape0-1-build_zuko_maf]" file="tests/density_estimator_test.py" line="178" time="0.012" /><testcase classname="tests.density_estimator_test" name="test_density_estimator_log_prob_shapes_with_embedding[10-condition_event_shape0-input_event_shape1-1-build_made]" file="tests/density_estimator_test.py" line="178" time="0.012" /><testcase classname="tests.density_estimator_test" name="test_density_estimator_log_prob_shapes_with_embedding[10-condition_event_shape3-input_event_shape0-2-build_zuko_nsf]" file="tests/density_estimator_test.py" line="178" time="0.016" /><testcase classname="tests.density_estimator_test" name="test_density_estimator_sample_shapes[1-condition_event_shape1-input_event_shape0-sample_shape2-build_zuko_bpf]" file="tests/density_estimator_test.py" line="204" time="0.013" /><testcase classname="tests.density_estimator_test" name="test_density_estimator_log_prob_shapes_with_embedding[1-condition_event_shape2-input_event_shape0-1-build_zuko_nice]" file="tests/density_estimator_test.py" line="178" time="0.015" /><testcase classname="tests.density_estimator_test" name="test_density_estimator_log_prob_shapes_with_embedding[10-condition_event_shape0-input_event_shape1-1-build_zuko_maf]" file="tests/density_estimator_test.py" line="178" time="0.018" /><testcase classname="tests.density_estimator_test" name="test_density_estimator_log_prob_shapes_with_embedding[10-condition_event_shape3-input_event_shape1-1-build_maf_rqs]" file="tests/density_estimator_test.py" line="178" time="0.025" /><testcase classname="tests.density_estimator_test" name="test_density_estimator_log_prob_shapes_with_embedding[1-condition_event_shape2-input_event_shape0-1-build_zuko_nsf]" file="tests/density_estimator_test.py" line="178" time="0.017" /><testcase classname="tests.density_estimator_test" name="test_density_estimator_log_prob_shapes_with_embedding[10-condition_event_shape0-input_event_shape1-1-build_zuko_ncsf]" file="tests/density_estimator_test.py" line="178" time="0.027" /><testcase classname="tests.density_estimator_test" name="test_density_estimator_sample_shapes[1-condition_event_shape1-input_event_shape0-sample_shape2-build_zuko_ncsf]" file="tests/density_estimator_test.py" line="204" time="0.006" /><testcase classname="tests.density_estimator_test" name="test_density_estimator_sample_shapes[1-condition_event_shape1-input_event_shape0-sample_shape2-build_zuko_sospf]" file="tests/density_estimator_test.py" line="204" time="0.031" /><testcase classname="tests.density_estimator_test" name="test_density_estimator_log_prob_shapes_with_embedding[1-condition_event_shape2-input_event_shape0-2-build_mdn]" file="tests/density_estimator_test.py" line="178" time="0.010" /><testcase classname="tests.density_estimator_test" name="test_density_estimator_log_prob_shapes_with_embedding[10-condition_event_shape3-input_event_shape1-1-build_zuko_bpf]" file="tests/density_estimator_test.py" line="178" time="0.020" /><testcase classname="tests.density_estimator_test" name="test_density_estimator_sample_shapes[10-condition_event_shape0-input_event_shape1-sample_shape0-build_mdn]" file="tests/density_estimator_test.py" line="204" time="0.006" /><testcase classname="tests.density_estimator_test" name="test_density_estimator_log_prob_shapes_with_embedding[1-condition_event_shape2-input_event_shape0-2-build_zuko_bpf]" file="tests/density_estimator_test.py" line="178" time="0.013" /><testcase classname="tests.density_estimator_test" name="test_density_estimator_sample_shapes[10-condition_event_shape0-input_event_shape1-sample_shape0-build_maf]" file="tests/density_estimator_test.py" line="204" time="0.009" /><testcase classname="tests.density_estimator_test" name="test_density_estimator_log_prob_shapes_with_embedding[10-condition_event_shape0-input_event_shape1-1-build_zuko_nsf]" file="tests/density_estimator_test.py" line="178" time="0.029" /><testcase classname="tests.density_estimator_test" name="test_density_estimator_log_prob_shapes_with_embedding[10-condition_event_shape3-input_event_shape1-1-build_zuko_naf]" file="tests/density_estimator_test.py" line="178" time="0.037" /><testcase classname="tests.density_estimator_test" name="test_density_estimator_log_prob_shapes_with_embedding[1-condition_event_shape2-input_event_shape0-2-build_zuko_gf]" file="tests/density_estimator_test.py" line="178" time="0.010" /><testcase classname="tests.density_estimator_test" name="test_density_estimator_sample_shapes[10-condition_event_shape0-input_event_shape1-sample_shape0-build_zuko_nsf]" file="tests/density_estimator_test.py" line="204" time="0.035" /><testcase classname="tests.density_estimator_test" name="test_density_estimator_sample_shapes[1-condition_event_shape1-input_event_shape1-sample_shape0-build_zuko_maf]" file="tests/density_estimator_test.py" line="204" time="0.010" /><testcase classname="tests.density_estimator_test" name="test_density_estimator_log_prob_shapes_with_embedding[1-condition_event_shape2-input_event_shape0-2-build_zuko_naf]" file="tests/density_estimator_test.py" line="178" time="0.021" /><testcase classname="tests.density_estimator_test" name="test_density_estimator_sample_shapes[1-condition_event_shape1-input_event_shape1-sample_shape0-build_zuko_naf]" file="tests/density_estimator_test.py" line="204" time="0.110" /><testcase classname="tests.density_estimator_test" name="test_density_estimator_log_prob_shapes_with_embedding[10-condition_event_shape0-input_event_shape1-2-build_zuko_bpf]" file="tests/density_estimator_test.py" line="178" time="0.020" /><testcase classname="tests.density_estimator_test" name="test_density_estimator_log_prob_shapes_with_embedding[1-condition_event_shape2-input_event_shape1-1-build_zuko_maf]" file="tests/density_estimator_test.py" line="178" time="0.033" /><testcase classname="tests.density_estimator_test" name="test_density_estimator_log_prob_shapes_with_embedding[10-condition_event_shape3-input_event_shape1-2-build_made]" file="tests/density_estimator_test.py" line="178" time="0.026" /><testcase classname="tests.density_estimator_test" name="test_density_estimator_sample_shapes[10-condition_event_shape0-input_event_shape1-sample_shape0-build_zuko_sospf]" file="tests/density_estimator_test.py" line="204" time="0.098" /><testcase classname="tests.density_estimator_test" name="test_density_estimator_log_prob_shapes_with_embedding[10-condition_event_shape0-input_event_shape1-2-build_zuko_maf]" file="tests/density_estimator_test.py" line="178" time="0.015" /><testcase classname="tests.density_estimator_test" name="test_density_estimator_log_prob_shapes_with_embedding[10-condition_event_shape0-input_event_shape1-2-build_zuko_sospf]" file="tests/density_estimator_test.py" line="178" time="0.021" /><testcase classname="tests.density_estimator_test" name="test_density_estimator_log_prob_shapes_with_embedding[10-condition_event_shape3-input_event_shape1-2-build_mdn]" file="tests/density_estimator_test.py" line="178" time="0.015" /><testcase classname="tests.plot_test" name="test_pairplot[None-None-None-None-None-labels1-figsize0-hist-None-None-scatter-None-limits0-points0-samples0]" file="tests/plot_test.py" line="46" time="0.513" /><testcase classname="tests.density_estimator_test" name="test_density_estimator_log_prob_shapes_with_embedding[10-condition_event_shape3-input_event_shape1-2-build_nsf]" file="tests/density_estimator_test.py" line="178" time="0.028" /><testcase classname="tests.density_estimator_test" name="test_density_estimator_log_prob_shapes_with_embedding[10-condition_event_shape1-input_event_shape0-1-build_maf_rqs]" file="tests/density_estimator_test.py" line="178" time="0.019" /><testcase classname="tests.density_estimator_test" name="test_density_estimator_log_prob_shapes_with_embedding[10-condition_event_shape1-input_event_shape0-1-build_zuko_bpf]" file="tests/density_estimator_test.py" line="178" time="0.012" /><testcase classname="tests.density_estimator_test" name="test_density_estimator_sample_shapes[1-condition_event_shape0-input_event_shape0-sample_shape0-build_maf]" file="tests/density_estimator_test.py" line="204" time="0.007" /><testcase classname="tests.density_estimator_test" name="test_density_estimator_log_prob_shapes_with_embedding[10-condition_event_shape1-input_event_shape0-1-build_zuko_nice]" file="tests/density_estimator_test.py" line="178" time="0.015" /><testcase classname="tests.density_estimator_test" name="test_density_estimator_sample_shapes[1-condition_event_shape0-input_event_shape0-sample_shape0-build_zuko_bpf]" file="tests/density_estimator_test.py" line="204" time="0.010" /><testcase classname="tests.density_estimator_test" name="test_density_estimator_sample_shapes[1-condition_event_shape1-input_event_shape1-sample_shape0-build_zuko_sospf]" file="tests/density_estimator_test.py" line="204" time="0.065" /><testcase classname="tests.density_estimator_test" name="test_density_estimator_log_prob_shapes_with_embedding[10-condition_event_shape1-input_event_shape0-1-build_zuko_nsf]" file="tests/density_estimator_test.py" line="178" time="0.057" /><testcase classname="tests.density_estimator_test" name="test_density_estimator_sample_shapes[10-condition_event_shape0-input_event_shape1-sample_shape1-build_zuko_nsf]" file="tests/density_estimator_test.py" line="204" time="0.036" /><testcase classname="tests.density_estimator_test" name="test_density_estimator_sample_shapes[1-condition_event_shape0-input_event_shape0-sample_shape0-build_zuko_maf]" file="tests/density_estimator_test.py" line="204" time="0.013" /><testcase classname="tests.density_estimator_test" name="test_density_estimator_sample_shapes[1-condition_event_shape0-input_event_shape0-sample_shape0-build_zuko_naf]" file="tests/density_estimator_test.py" line="204" time="0.030" /><testcase classname="tests.plot_test" name="test_pairplot_dep[None-points_labels0-samples_labels0-scatter-False-labels1-samples1]" file="tests/plot_test.py" line="86" time="0.399" /><testcase classname="tests.density_estimator_test" name="test_density_estimator_sample_shapes[10-condition_event_shape0-input_event_shape1-sample_shape2-build_nsf]" file="tests/density_estimator_test.py" line="204" time="0.025" /><testcase classname="tests.density_estimator_test" name="test_density_estimator_sample_shapes[1-condition_event_shape1-input_event_shape1-sample_shape1-build_mdn]" file="tests/density_estimator_test.py" line="204" time="0.006" /><testcase classname="tests.density_estimator_test" name="test_density_estimator_log_prob_shapes_with_embedding[10-condition_event_shape1-input_event_shape0-2-build_made]" file="tests/density_estimator_test.py" line="178" time="0.042" /><testcase classname="tests.density_estimator_test" name="test_density_estimator_sample_shapes[10-condition_event_shape0-input_event_shape1-sample_shape2-build_zuko_ncsf]" file="tests/density_estimator_test.py" line="204" time="0.043" /><testcase classname="tests.density_estimator_test" name="test_density_estimator_sample_shapes[1-condition_event_shape1-input_event_shape1-sample_shape1-build_zuko_nice]" file="tests/density_estimator_test.py" line="204" time="0.009" /><testcase classname="tests.plot_test" name="test_pairplot_discrete_indices[kde-kde]" file="tests/plot_test.py" line="491" time="0.761" /><testcase classname="tests.plot_test" name="test_pairplot_dep[points1-None-samples_labels0-hist-False-labels1-samples0]" file="tests/plot_test.py" line="86" time="0.325" /><testcase classname="tests.density_estimator_test" name="test_density_estimator_sample_shapes[10-condition_event_shape1-input_event_shape0-sample_shape0-build_maf]" file="tests/density_estimator_test.py" line="204" time="0.009" /><testcase classname="tests.density_estimator_test" name="test_density_estimator_sample_shapes[10-condition_event_shape1-input_event_shape0-sample_shape0-build_nsf]" file="tests/density_estimator_test.py" line="204" time="0.015" /><testcase classname="tests.density_estimator_test" name="test_density_estimator_sample_shapes[10-condition_event_shape1-input_event_shape0-sample_shape0-build_zuko_sospf]" file="tests/density_estimator_test.py" line="204" time="0.016" /><testcase classname="tests.density_estimator_test" name="test_density_estimator_sample_shapes[10-condition_event_shape1-input_event_shape0-sample_shape0-build_zuko_unaf]" file="tests/density_estimator_test.py" line="204" time="0.055" /><testcase classname="tests.density_estimator_test" name="test_density_estimator_sample_shapes[10-condition_event_shape1-input_event_shape0-sample_shape1-build_made]" file="tests/density_estimator_test.py" line="204" time="0.009" /><testcase classname="tests.density_estimator_test" name="test_density_estimator_sample_shapes[10-condition_event_shape1-input_event_shape0-sample_shape1-build_maf_rqs]" file="tests/density_estimator_test.py" line="204" time="0.016" /><testcase classname="tests.density_estimator_test" name="test_density_estimator_sample_shapes[10-condition_event_shape1-input_event_shape0-sample_shape1-build_zuko_nsf]" file="tests/density_estimator_test.py" line="204" time="0.013" /><testcase classname="tests.density_estimator_test" name="test_density_estimator_sample_shapes[10-condition_event_shape1-input_event_shape0-sample_shape1-build_zuko_sospf]" file="tests/density_estimator_test.py" line="204" time="0.020" /><testcase classname="tests.density_estimator_test" name="test_density_estimator_sample_shapes[10-condition_event_shape1-input_event_shape0-sample_shape2-build_made]" file="tests/density_estimator_test.py" line="204" time="0.009" /><testcase classname="tests.density_estimator_test" name="test_density_estimator_sample_shapes[10-condition_event_shape1-input_event_shape0-sample_shape2-build_maf]" file="tests/density_estimator_test.py" line="204" time="0.022" /><testcase classname="tests.density_estimator_test" name="test_density_estimator_sample_shapes[10-condition_event_shape1-input_event_shape0-sample_shape2-build_maf_rqs]" file="tests/density_estimator_test.py" line="204" time="0.043" /><testcase classname="tests.density_estimator_test" name="test_density_estimator_sample_shapes[10-condition_event_shape1-input_event_shape0-sample_shape2-build_zuko_gf]" file="tests/density_estimator_test.py" line="204" time="0.027" /><testcase classname="tests.density_estimator_test" name="test_density_estimator_sample_shapes[10-condition_event_shape1-input_event_shape0-sample_shape2-build_zuko_naf]" file="tests/density_estimator_test.py" line="204" time="0.218" /><testcase classname="tests.plot_test" name="test_pairplot_dep[points1-None-samples_labels0-scatter-False-None-samples1]" file="tests/plot_test.py" line="86" time="0.069" /><testcase classname="tests.plot_test" name="test_pairplot_dep[None-points_labels0-None-hist-True-labels1-samples0]" file="tests/plot_test.py" line="86" time="0.069" /><testcase classname="tests.plot_test" name="test_pairplot[None-None-None-None-None-labels1-figsize0-hist-None-None-scatter-subset1-limits0-points0-samples0]" file="tests/plot_test.py" line="46" time="0.351" /><testcase classname="tests.plot_test" name="test_pairplot_dep[points1-None-None-hist-False-None-samples1]" file="tests/plot_test.py" line="86" time="0.066" /><testcase classname="tests.plot_test" name="test_pairplot_dep[None-points_labels0-None-scatter-True-None-samples1]" file="tests/plot_test.py" line="86" time="0.078" /><testcase classname="tests.mcmc_test" name="test_c2st_slice_np_vectorized_parallelized_on_Gaussian[1-SliceSamplerVectorized-2]" file="tests/mcmc_test.py" line="61" time="6.487" /><testcase classname="tests.plot_test" name="test_pairplot_dep[points1-None-None-hist-False-labels1-samples1]" file="tests/plot_test.py" line="86" time="0.056" /><testcase classname="tests.plot_test" name="test_pairplot_dep[None-points_labels0-None-scatter-False-None-samples0]" file="tests/plot_test.py" line="86" time="0.056" /><testcase classname="tests.plot_test" name="test_pairplot[fig_kwargs1-None-None-None-None-labels1-figsize0-hist-scatter-lower_kwargs1-scatter-None-limits0-points0-samples1]" file="tests/plot_test.py" line="46" time="0.326" /><testcase classname="tests.plot_test" name="test_pairplot_dep[points1-None-None-scatter-True-None-samples1]" file="tests/plot_test.py" line="86" time="0.049" /><testcase classname="tests.plot_test" name="test_pairplot_dep[None-points_labels0-None-scatter-False-None-samples1]" file="tests/plot_test.py" line="86" time="0.051" /><testcase classname="tests.abc_test" name="test_distance_function_edge_cases[invalid_name-invalid_distance]" file="tests/abc_test.py" line="369" time="0.006" /><testcase classname="tests.abc_test" name="test_lra_correctness" file="tests/abc_test.py" line="397" time="0.010" /><testcase classname="tests.plot_test" name="test_pairplot_dep[points1-None-None-scatter-True-labels1-samples0]" file="tests/plot_test.py" line="86" time="0.039" /><testcase classname="tests.abc_test" name="test_sass_correctness" file="tests/abc_test.py" line="419" time="0.013" /><testcase classname="tests.plot_test" name="test_pairplot_dep[None-None-samples_labels0-hist-True-None-samples1]" file="tests/plot_test.py" line="86" time="0.057" /><testcase classname="tests.base_test" name="test_infer" file="tests/base_test.py" line="10" time="3.237" /><testcase classname="tests.plot_test" name="test_pairplot_dep[points1-None-None-scatter-False-None-samples0]" file="tests/plot_test.py" line="86" time="0.061" /><testcase classname="tests.plot_test" name="test_pairplot_dep[None-None-samples_labels0-hist-True-labels1-samples0]" file="tests/plot_test.py" line="86" time="0.034" /><testcase classname="tests.plot_test" name="test_pairplot_dep[points1-None-None-scatter-False-None-samples1]" file="tests/plot_test.py" line="86" time="0.050" /><testcase classname="tests.plot_test" name="test_pairplot_dep[None-None-samples_labels0-hist-False-None-samples1]" file="tests/plot_test.py" line="86" time="0.051" /><testcase classname="tests.plot_test" name="test_pairplot[None-None-None-None-None-labels1-figsize0-hist-None-None-scatter-subset1-None-points0-samples1]" file="tests/plot_test.py" line="46" time="0.045" /><testcase classname="tests.plot_test" name="test_plot_summary_overlay_kwargs_precedence[True-None-None-1]" file="tests/plot_test.py" line="148" time="0.022" /><testcase classname="tests.plot_test" name="test_pairplot_discrete_indices[contour-kde]" file="tests/plot_test.py" line="491" time="0.363" /><testcase classname="tests.plot_test" name="test_pairplot_dep[None-None-samples_labels0-scatter-True-None-samples1]" file="tests/plot_test.py" line="86" time="0.049" /><testcase classname="tests.plot_test" name="test_pairplot[None-None-None-None-None-labels1-figsize0-hist-scatter-lower_kwargs1-scatter-None-limits0-points0-samples1]" file="tests/plot_test.py" line="46" time="0.084" /><testcase classname="tests.plot_test" name="test_plot_summary_length_validation[labels]" file="tests/plot_test.py" line="198" time="0.004" /><testcase classname="tests.plot_test" name="test_plot_summary_axes_length_validation[False-3]" file="tests/plot_test.py" line="225" time="0.037" /><testcase classname="tests.plot_test" name="test_sbc_rank_plot[hist-False-3-2]" file="tests/plot_test.py" line="248" time="0.045" /><testcase classname="tests.plot_test" name="test_pairplot_dep[None-None-samples_labels0-scatter-True-labels1-samples1]" file="tests/plot_test.py" line="86" time="0.048" /><testcase classname="tests.plot_test" name="test_pairplot[None-None-None-None-None-labels1-figsize0-hist-scatter-lower_kwargs1-scatter-subset1-limits0-points0-samples1]" file="tests/plot_test.py" line="46" time="0.054" /><testcase classname="tests.plot_test" name="test_sbc_rank_plot[hist-True-2-4]" file="tests/plot_test.py" line="248" time="0.056" /><testcase classname="tests.plot_test" name="test_pairplot_dep[None-None-samples_labels0-scatter-False-None-samples0]" file="tests/plot_test.py" line="86" time="0.039" /><testcase classname="tests.plot_test" name="test_pairplot[fig_kwargs1-None-None-None-None-labels1-figsize0-hist-scatter-lower_kwargs1-scatter-None-None-points0-samples1]" file="tests/plot_test.py" line="46" time="0.080" /><testcase classname="tests.plot_test" name="test_pairplot_dep[None-None-None-hist-False-None-samples1]" file="tests/plot_test.py" line="86" time="0.045" /><testcase classname="tests.plot_test" name="test_pairplot[None-None-None-None-ticks1-None-figsize0-hist-None-None-scatter-None-limits0-points0-samples1]" file="tests/plot_test.py" line="46" time="0.089" /><testcase classname="tests.plot_test" name="test_sbc_rank_plot[hist-True-3-4]" file="tests/plot_test.py" line="248" time="0.055" /><testcase classname="tests.plot_test" name="test_pairplot[fig_kwargs1-None-None-None-None-labels1-figsize0-hist-scatter-lower_kwargs1-scatter-subset1-limits0-points0-samples1]" file="tests/plot_test.py" line="46" time="0.043" /><testcase classname="tests.plot_test" name="test_pairplot_dep[None-None-None-hist-False-labels1-samples1]" file="tests/plot_test.py" line="86" time="0.054" /><testcase classname="tests.plot_test" name="test_sbc_rank_plot[hist-True-3-10]" file="tests/plot_test.py" line="248" time="0.109" /><testcase classname="tests.plot_test" name="test_pairplot[fig_kwargs1-None-None-None-None-labels1-figsize0-hist-scatter-lower_kwargs1-scatter-subset1-None-points0-samples0]" file="tests/plot_test.py" line="46" time="0.064" /><testcase classname="tests.plot_test" name="test_pairplot[None-None-None-None-ticks1-None-figsize0-hist-None-None-scatter-None-None-points0-samples0]" file="tests/plot_test.py" line="46" time="0.046" /><testcase classname="tests.plot_test" name="test_pairplot_dep[None-None-None-scatter-True-None-samples1]" file="tests/plot_test.py" line="86" time="0.043" /><testcase classname="tests.plot_test" name="test_pairplot[None-None-None-None-ticks1-None-figsize0-hist-scatter-lower_kwargs1-scatter-subset1-limits0-points0-samples1]" file="tests/plot_test.py" line="46" time="0.050" /><testcase classname="tests.plot_test" name="test_pairplot_dep[None-None-None-scatter-True-labels1-samples0]" file="tests/plot_test.py" line="86" time="0.043" /><testcase classname="tests.plot_test" name="test_pairplot[fig_kwargs1-None-None-None-ticks1-None-figsize0-hist-None-None-scatter-None-limits0-points0-samples0]" file="tests/plot_test.py" line="46" time="0.051" /><testcase classname="tests.plot_test" name="test_sbc_rank_plot[hist-True-4-4]" file="tests/plot_test.py" line="248" time="0.056" /><testcase classname="tests.plot_test" name="test_pairplot_dep[None-None-None-scatter-False-labels1-samples0]" file="tests/plot_test.py" line="86" time="0.051" /><testcase classname="tests.plot_test" name="test_pairplot[None-None-None-None-ticks1-labels1-figsize0-hist-None-None-scatter-None-None-points0-samples1]" file="tests/plot_test.py" line="46" time="0.091" /><testcase classname="tests.plot_test" name="test_pairplot[fig_kwargs1-None-None-None-ticks1-None-figsize0-hist-None-None-scatter-None-None-points0-samples0]" file="tests/plot_test.py" line="46" time="0.070" /><testcase classname="tests.plot_test" name="test_pairplot_discrete_indices[hist-kde]" file="tests/plot_test.py" line="491" time="0.145" /><testcase classname="tests.density_estimator_test" name="test_trainers_with_valid_and_invalid_estimator_builders[params6-NPE_C]" file="tests/density_estimator_test.py" line="632" time="0.017"><skipped type="pytest.xfail" message="Missing required parameters in density estimator builder." /></testcase><testcase classname="tests.plot_test" name="test_plotting_fails_for_insufficient_sample_label_length" file="tests/plot_test.py" line="321" time="0.002" /><testcase classname="tests.plot_test" name="test_plotting_subplot_aspect[False]" file="tests/plot_test.py" line="363" time="0.085" /><testcase classname="tests.plot_test" name="test_pairplot_dep[points1-points_labels0-samples_labels0-hist-True-labels1-samples1]" file="tests/plot_test.py" line="86" time="0.050" /><testcase classname="tests.plot_test" name="test_pairplot[fig_kwargs1-None-None-None-ticks1-None-figsize0-hist-scatter-lower_kwargs1-scatter-None-None-points0-samples1]" file="tests/plot_test.py" line="46" time="0.112" /><testcase classname="tests.plot_test" name="test_pairplot[None-None-None-None-ticks1-labels1-figsize0-hist-None-None-scatter-subset1-limits0-points0-samples0]" file="tests/plot_test.py" line="46" time="0.048" /><testcase classname="tests.plot_test" name="test_pairplot_dep[points1-points_labels0-samples_labels0-hist-False-None-samples0]" file="tests/plot_test.py" line="86" time="0.036" /><testcase classname="tests.plot_test" name="test_plotting_kwargs_validation[kwargs2]" file="tests/plot_test.py" line="398" time="0.003"><skipped type="pytest.xfail" message="" /></testcase><testcase classname="tests.plot_test" name="test_pairplot_dep[points1-points_labels0-samples_labels0-hist-False-labels1-samples1]" file="tests/plot_test.py" line="86" time="0.047" /><testcase classname="tests.plot_test" name="test_pairplot[None-None-None-None-ticks1-labels1-figsize0-hist-scatter-lower_kwargs1-scatter-None-limits0-points0-samples0]" file="tests/plot_test.py" line="46" time="0.047" /><testcase classname="tests.density_estimator_test" name="test_trainers_with_valid_and_invalid_estimator_builders[params11-NPE_C]" file="tests/density_estimator_test.py" line="632" time="0.015"><skipped type="pytest.xfail" message="Missing return of type ConditionalEstimator in density estimator builder." /></testcase><testcase classname="tests.plot_test" name="test_pairplot_discrete_edge_cases[multiple_samples]" file="tests/plot_test.py" line="501" time="0.091" /><testcase classname="tests.plot_test" name="test_pairplot_dep[points1-points_labels0-samples_labels0-scatter-True-None-samples0]" file="tests/plot_test.py" line="86" time="0.044" /><testcase classname="tests.plot_test" name="test_pairplot[None-None-None-None-ticks1-labels1-figsize0-hist-scatter-lower_kwargs1-scatter-None-limits0-points0-samples1]" file="tests/plot_test.py" line="46" time="0.102" /><testcase classname="tests.plot_test" name="test_pairplot[fig_kwargs1-None-None-None-ticks1-labels1-figsize0-hist-None-None-scatter-subset1-limits0-points0-samples0]" file="tests/plot_test.py" line="46" time="0.051" /><testcase classname="tests.embedding_net_test" name="test_embedding_net_api[mlp-2-NPE]" file="tests/embedding_net_test.py" line="41" time="0.624" /><testcase classname="tests.plot_test" name="test_pairplot_dep[points1-points_labels0-samples_labels0-scatter-False-labels1-samples1]" file="tests/plot_test.py" line="86" time="0.040" /><testcase classname="tests.plot_test" name="test_pairplot[fig_kwargs1-None-None-None-ticks1-labels1-figsize0-hist-None-None-scatter-subset1-limits0-points0-samples1]" file="tests/plot_test.py" line="46" time="0.045" /><testcase classname="tests.posterior_nn_test" name="test_log_prob_with_different_x[0-NPE_A]" file="tests/posterior_nn_test.py" line="40" time="0.891" /><testcase classname="tests.plot_test" name="test_pairplot_dep[points1-points_labels0-None-hist-True-None-samples0]" file="tests/plot_test.py" line="86" time="0.312" /><testcase classname="tests.plot_test" name="test_pairplot[None-None-diag_kwargs1-None-None-None-figsize0-hist-None-None-scatter-None-None-points0-samples0]" file="tests/plot_test.py" line="46" time="0.039" /><testcase classname="tests.plot_test" name="test_pairplot[fig_kwargs1-None-None-None-ticks1-labels1-figsize0-hist-None-None-scatter-subset1-None-points0-samples1]" file="tests/plot_test.py" line="46" time="0.064" /><testcase classname="tests.plot_test" name="test_pairplot[None-None-diag_kwargs1-None-None-None-figsize0-hist-None-None-scatter-subset1-limits0-points0-samples0]" file="tests/plot_test.py" line="46" time="0.047" /><testcase classname="tests.plot_test" name="test_pairplot[fig_kwargs1-None-None-None-ticks1-labels1-figsize0-hist-scatter-lower_kwargs1-scatter-None-None-points0-samples1]" file="tests/plot_test.py" line="46" time="0.102" /><testcase classname="tests.plot_test" name="test_pairplot[None-None-diag_kwargs1-None-None-labels1-figsize0-hist-None-None-scatter-None-limits0-points0-samples1]" file="tests/plot_test.py" line="46" time="0.311" /><testcase classname="tests.plot_test" name="test_pairplot[fig_kwargs1-None-None-None-ticks1-labels1-figsize0-hist-scatter-lower_kwargs1-scatter-subset1-None-points0-samples0]" file="tests/plot_test.py" line="46" time="0.338" /><testcase classname="tests.plot_test" name="test_plotting_kwargs_validation[kwargs6]" file="tests/plot_test.py" line="398" time="0.094" /><testcase classname="tests.plot_test" name="test_pairplot_dep[points1-points_labels0-None-hist-True-labels1-samples0]" file="tests/plot_test.py" line="86" time="0.041" /><testcase classname="tests.plot_test" name="test_pairplot_dep[points1-points_labels0-None-scatter-True-None-samples0]" file="tests/plot_test.py" line="86" time="0.057" /><testcase classname="tests.embedding_net_test" name="test_transformer_embedding[24-config1]" file="tests/embedding_net_test.py" line="249" time="1.005" /><testcase classname="tests.plot_test" name="test_plotting_kwargs_validation[kwargs12]" file="tests/plot_test.py" line="398" time="0.096" /><testcase classname="tests.plot_test" name="test_pairplot_dep[points1-points_labels0-None-scatter-True-None-samples1]" file="tests/plot_test.py" line="86" time="0.048" /><testcase classname="tests.plot_test" name="test_pairplot[None-None-diag_kwargs1-None-None-labels1-figsize0-hist-scatter-lower_kwargs1-scatter-subset1-limits0-points0-samples1]" file="tests/plot_test.py" line="46" time="0.048" /><testcase classname="tests.plot_test" name="test_pairplot_dep[points1-points_labels0-None-scatter-True-labels1-samples0]" file="tests/plot_test.py" line="86" time="0.048" /><testcase classname="tests.plot_test" name="test_pairplot[None-None-diag_kwargs1-None-ticks1-None-figsize0-hist-None-None-scatter-None-limits0-points0-samples0]" file="tests/plot_test.py" line="46" time="0.041" /><testcase classname="tests.plot_test" name="test_plotting_style_arguments_validation[kwargs0]" file="tests/plot_test.py" line="445" time="0.004"><skipped type="pytest.xfail" message="" /></testcase><testcase classname="tests.plot_test" name="test_pairplot[None-None-diag_kwargs1-None-ticks1-None-figsize0-hist-None-None-scatter-None-None-points0-samples1]" file="tests/plot_test.py" line="46" time="0.086" /><testcase classname="tests.plot_test" name="test_pairplot_dep[points1-points_labels0-None-scatter-True-labels1-samples1]" file="tests/plot_test.py" line="86" time="0.054" /><testcase classname="tests.plot_test" name="test_pairplot[fig_kwargs1-None-diag_kwargs1-None-None-None-figsize0-hist-None-None-scatter-None-None-points0-samples0]" file="tests/plot_test.py" line="46" time="0.045" /><testcase classname="tests.embedding_net_test" name="test_embedding_net_api[mlp-2-NLE]" file="tests/embedding_net_test.py" line="41" time="10.026" /><testcase classname="tests.plot_test" name="test_pairplot_dep[points1-points_labels0-None-scatter-False-labels1-samples0]" file="tests/plot_test.py" line="86" time="0.037" /><testcase classname="tests.plot_test" name="test_pairplot[fig_kwargs1-None-diag_kwargs1-None-None-None-figsize0-hist-scatter-lower_kwargs1-scatter-subset1-None-points0-samples1]" file="tests/plot_test.py" line="46" time="0.055" /><testcase classname="tests.plot_test" name="test_plotting_style_arguments_validation[kwargs2]" file="tests/plot_test.py" line="445" time="0.003"><skipped type="pytest.xfail" message="" /></testcase><testcase classname="tests.plot_test" name="test_pairplot[None-None-diag_kwargs1-None-ticks1-None-figsize0-hist-None-None-scatter-subset1-limits0-points0-samples0]" file="tests/plot_test.py" line="46" time="0.044" /><testcase classname="tests.plot_test" name="test_pairplot_dep[points1-None-samples_labels0-hist-True-None-samples0]" file="tests/plot_test.py" line="86" time="0.053" /><testcase classname="tests.plot_test" name="test_pairplot[fig_kwargs1-None-diag_kwargs1-None-None-labels1-figsize0-hist-None-None-scatter-None-limits0-points0-samples1]" file="tests/plot_test.py" line="46" time="0.111" /><testcase classname="tests.plot_test" name="test_plotting_style_arguments_validation[kwargs6]" file="tests/plot_test.py" line="445" time="0.074" /><testcase classname="tests.plot_test" name="test_pairplot[None-None-diag_kwargs1-None-ticks1-labels1-figsize0-hist-None-None-scatter-None-limits0-points0-samples1]" file="tests/plot_test.py" line="46" time="0.093" /><testcase classname="tests.sbiutils_test" name="test_z_scoring_structured[likelihood_nn-transform_to_unconstrained-structured]" file="tests/sbiutils_test.py" line="423" time="0.031" /><testcase classname="tests.sbiutils_test" name="test_z_scoring_structured[posterior_nn-none-None]" file="tests/sbiutils_test.py" line="423" time="0.041" /><testcase classname="tests.plot_test" name="test_plotting_style_arguments_validation[kwargs13]" file="tests/plot_test.py" line="445" time="0.079" /><testcase classname="tests.sbiutils_test" name="test_z_scoring_structured[posterior_nn-none-structured]" file="tests/sbiutils_test.py" line="423" time="0.043" /><testcase classname="tests.plot_test" name="test_pairplot[None-None-diag_kwargs1-None-ticks1-labels1-figsize0-hist-None-None-scatter-subset1-limits0-points0-samples0]" file="tests/plot_test.py" line="46" time="0.047" /><testcase classname="tests.plot_test" name="test_pairplot[fig_kwargs1-None-diag_kwargs1-None-None-labels1-figsize0-hist-None-None-scatter-subset1-limits0-points0-samples0]" file="tests/plot_test.py" line="46" time="0.040" /><testcase classname="tests.sbiutils_test" name="test_z_scoring_structured[posterior_nn-none-transform_to_unconstrained]" file="tests/sbiutils_test.py" line="423" time="0.035" /><testcase classname="tests.plot_test" name="test_pairplot[None-None-diag_kwargs1-None-ticks1-labels1-figsize0-hist-scatter-lower_kwargs1-scatter-None-None-points0-samples1]" file="tests/plot_test.py" line="46" time="0.089" /><testcase classname="tests.plot_test" name="test_pairplot[fig_kwargs1-None-diag_kwargs1-None-None-labels1-figsize0-hist-None-None-scatter-subset1-None-points0-samples0]" file="tests/plot_test.py" line="46" time="0.049" /><testcase classname="tests.plot_test" name="test_plotting_style_arguments_validation[kwargs17]" file="tests/plot_test.py" line="445" time="0.070" /><testcase classname="tests.sbiutils_test" name="test_z_scoring_structured[posterior_nn-independent-None]" file="tests/sbiutils_test.py" line="423" time="0.032" /><testcase classname="tests.plot_test" name="test_pairplot[fig_kwargs1-None-diag_kwargs1-None-None-labels1-figsize0-hist-scatter-lower_kwargs1-scatter-None-None-points0-samples1]" file="tests/plot_test.py" line="46" time="0.089" /><testcase classname="tests.sbiutils_test" name="test_z_scoring_structured[posterior_nn-structured-structured]" file="tests/sbiutils_test.py" line="423" time="0.044" /><testcase classname="tests.plot_test" name="test_plotting_style_arguments_validation[kwargs20]" file="tests/plot_test.py" line="445" time="0.093" /><testcase classname="tests.plot_test" name="test_pairplot[None-None-diag_kwargs1-None-ticks1-labels1-figsize0-hist-scatter-lower_kwargs1-scatter-subset1-limits0-points0-samples1]" file="tests/plot_test.py" line="46" time="0.054" /><testcase classname="tests.posterior_nn_test" name="test_log_prob_with_different_x[1-NPE_A]" file="tests/posterior_nn_test.py" line="40" time="0.172" /><testcase classname="tests.sbiutils_test" name="test_z_scoring_structured[posterior_nn-transform_to_unconstrained-none]" file="tests/sbiutils_test.py" line="423" time="0.028" /><testcase classname="tests.sbiutils_test" name="test_z_scoring_structured[classifier_nn-None-None]" file="tests/sbiutils_test.py" line="423" time="0.008" /><testcase classname="tests.plot_test" name="test_pairplot[fig_kwargs1-None-diag_kwargs1-None-ticks1-None-figsize0-hist-scatter-lower_kwargs1-scatter-None-limits0-points0-samples0]" file="tests/plot_test.py" line="46" time="0.049" /><testcase classname="tests.plot_test" name="test_pairplot[fig_kwargs1-None-None-None-None-None-figsize0-hist-None-None-scatter-None-None-points0-samples0]" file="tests/plot_test.py" line="46" time="0.040" /><testcase classname="tests.sbiutils_test" name="test_z_scoring_structured[classifier_nn-None-transform_to_unconstrained]" file="tests/sbiutils_test.py" line="423" time="0.005" /><testcase classname="tests.sbiutils_test" name="test_z_scoring_structured[classifier_nn-none-none]" file="tests/sbiutils_test.py" line="423" time="0.006" /><testcase classname="tests.sbiutils_test" name="test_z_scoring_structured[classifier_nn-none-independent]" file="tests/sbiutils_test.py" line="423" time="0.006" /><testcase classname="tests.sbiutils_test" name="test_z_scoring_structured[classifier_nn-independent-none]" file="tests/sbiutils_test.py" line="423" time="0.009" /><testcase classname="tests.sbiutils_test" name="test_z_scoring_structured[classifier_nn-structured-none]" file="tests/sbiutils_test.py" line="423" time="0.010" /><testcase classname="tests.plot_test" name="test_pairplot_discrete_indices[scatter-kde]" file="tests/plot_test.py" line="491" time="0.306" /><testcase classname="tests.plot_test" name="test_pairplot[fig_kwargs1-None-None-None-None-None-figsize0-hist-None-None-scatter-subset1-limits0-points0-samples1]" file="tests/plot_test.py" line="46" time="0.047" /><testcase classname="tests.sbiutils_test" name="test_z_scoring_structured[classifier_nn-transform_to_unconstrained-None]" file="tests/sbiutils_test.py" line="423" time="0.005" /><testcase classname="tests.plot_test" name="test_pairplot[fig_kwargs1-None-diag_kwargs1-None-ticks1-None-figsize0-hist-scatter-lower_kwargs1-scatter-None-None-points0-samples0]" file="tests/plot_test.py" line="46" time="0.042" /><testcase classname="tests.sbiutils_test" name="test_z_scoring_structured[classifier_nn-transform_to_unconstrained-transform_to_unconstrained]" file="tests/sbiutils_test.py" line="423" time="0.003" /><testcase classname="tests.sbiutils_test" name="test_transform_to_unconstrained_raises_for_unsupported_builders[build_linear_classifier]" file="tests/sbiutils_test.py" line="548" time="0.002" /><testcase classname="tests.sbiutils_test" name="test_transform_to_unconstrained_raises_for_unsupported_builders[build_mlp_classifier]" file="tests/sbiutils_test.py" line="548" time="0.002" /><testcase classname="tests.sbiutils_test" name="test_transform_to_unconstrained_raises_for_vector_field[score]" file="tests/sbiutils_test.py" line="595" time="0.002" /><testcase classname="tests.sbiutils_test.TestWarnIfInvalidForZscoring" name="test_identifies_correct_dimensions" file="tests/sbiutils_test.py" line="664" time="0.006" /><testcase classname="tests.score_samplers_test" name="test_score_fn_iid_on_different_priors[1-fnpe-vp]" file="tests/score_samplers_test.py" line="43" time="0.007" /><testcase classname="tests.score_samplers_test" name="test_score_fn_iid_on_different_priors[1-fnpe-subvp]" file="tests/score_samplers_test.py" line="43" time="0.005" /><testcase classname="tests.score_samplers_test" name="test_score_fn_iid_on_different_priors[1-gauss-vp]" file="tests/score_samplers_test.py" line="43" time="0.279" /><testcase classname="tests.plot_test" name="test_pairplot[fig_kwargs1-None-None-None-None-None-figsize0-hist-scatter-lower_kwargs1-scatter-None-limits0-points0-samples0]" file="tests/plot_test.py" line="46" time="0.044" /><testcase classname="tests.plot_test" name="test_pairplot[fig_kwargs1-None-diag_kwargs1-None-ticks1-None-figsize0-hist-scatter-lower_kwargs1-scatter-None-None-points0-samples1]" file="tests/plot_test.py" line="46" time="0.092" /><testcase classname="tests.posterior_nn_test" name="test_log_prob_with_different_x[1-NPE_C]" file="tests/posterior_nn_test.py" line="40" time="0.504" /><testcase classname="tests.plot_test" name="test_pairplot[fig_kwargs1-None-None-None-None-None-figsize0-hist-scatter-lower_kwargs1-scatter-subset1-limits0-points0-samples1]" file="tests/plot_test.py" line="46" time="0.049" /><testcase classname="tests.plot_test" name="test_pairplot[fig_kwargs1-None-diag_kwargs1-None-ticks1-labels1-figsize0-hist-None-None-scatter-subset1-limits0-points0-samples1]" file="tests/plot_test.py" line="46" time="0.047" /><testcase classname="tests.plot_test" name="test_pairplot[fig_kwargs1-None-None-None-None-None-figsize0-hist-scatter-lower_kwargs1-scatter-subset1-None-points0-samples0]" file="tests/plot_test.py" line="46" time="0.047" /><testcase classname="tests.plot_test" name="test_pairplot[fig_kwargs1-None-diag_kwargs1-None-ticks1-labels1-figsize0-hist-scatter-lower_kwargs1-scatter-None-None-points0-samples0]" file="tests/plot_test.py" line="46" time="0.047" /><testcase classname="tests.plot_test" name="test_pairplot[fig_kwargs1-None-None-None-None-labels1-figsize0-hist-None-None-scatter-None-None-points0-samples1]" file="tests/plot_test.py" line="46" time="0.088" /><testcase classname="tests.plot_test" name="test_pairplot[fig_kwargs1-None-diag_kwargs1-None-ticks1-labels1-figsize0-hist-scatter-lower_kwargs1-scatter-subset1-limits0-points0-samples1]" file="tests/plot_test.py" line="46" time="0.048" /><testcase classname="tests.plot_test" name="test_pai
[...]
 /><testcase classname="tests.score_samplers_test" name="test_gaussian_score_sampling[0.1-0.0-input_event_shape0-gibbs-euler_maruyama-ve]" file="tests/score_samplers_test.py" line="171" time="0.557" /><testcase classname="tests.metrics_test" name="test_c2st_with_different_distributions[rf-0.0-0.45-0.55]" file="tests/metrics_test.py" line="52" time="2.182" /><testcase classname="tests.score_samplers_test" name="test_gaussian_score_sampling[0.1-1.0-input_event_shape0-None-euler_maruyama-vp]" file="tests/score_samplers_test.py" line="171" time="0.104" /><testcase classname="tests.score_samplers_test" name="test_gaussian_score_sampling[0.1-1.0-input_event_shape0-gibbs-euler_maruyama-ve]" file="tests/score_samplers_test.py" line="171" time="0.558" /><testcase classname="tests.score_samplers_test" name="test_gaussian_score_sampling[0.1-1.0-input_event_shape1-None-euler_maruyama-subvp]" file="tests/score_samplers_test.py" line="171" time="0.159" /><testcase classname="tests.score_samplers_test" name="test_score_fn_iid_on_different_priors[3-jac_gauss-vp]" file="tests/score_samplers_test.py" line="43" time="0.894" /><testcase classname="tests.linearGaussian_snpe_test" name="test_c2st_npe_on_linearGaussian[2-gaussian]" file="tests/linearGaussian_snpe_test.py" line="52" time="4.613" /><testcase classname="tests.metrics_test" name="test_c2st_with_different_distributions[rf-1.0-0.85-1.0]" file="tests/metrics_test.py" line="52" time="1.504" /><testcase classname="tests.score_samplers_test" name="test_score_fn_guidance_general[1-guidance_method0-vp]" file="tests/score_samplers_test.py" line="82" time="0.043" /><testcase classname="tests.score_samplers_test" name="test_score_fn_guidance_general[1-guidance_method2-subvp]" file="tests/score_samplers_test.py" line="82" time="0.039" /><testcase classname="tests.score_samplers_test" name="test_score_fn_guidance_general[1-guidance_method3-ve]" file="tests/score_samplers_test.py" line="82" time="0.005" /><testcase classname="tests.score_samplers_test" name="test_score_fn_guidance_general[1-guidance_method4-vp]" file="tests/score_samplers_test.py" line="82" time="0.005" /><testcase classname="tests.score_samplers_test" name="test_score_fn_guidance_general[1-guidance_method6-subvp]" file="tests/score_samplers_test.py" line="82" time="0.005" /><testcase classname="tests.score_samplers_test" name="test_score_fn_guidance_general[1-guidance_method7-ve]" file="tests/score_samplers_test.py" line="82" time="0.004" /><testcase classname="tests.score_samplers_test" name="test_score_fn_guidance_general[2-guidance_method0-vp]" file="tests/score_samplers_test.py" line="82" time="0.273" /><testcase classname="tests.score_samplers_test" name="test_score_fn_guidance_general[2-guidance_method2-subvp]" file="tests/score_samplers_test.py" line="82" time="0.270" /><testcase classname="tests.score_samplers_test" name="test_score_fn_guidance_general[2-guidance_method3-ve]" file="tests/score_samplers_test.py" line="82" time="0.005" /><testcase classname="tests.score_samplers_test" name="test_score_fn_guidance_general[2-guidance_method4-vp]" file="tests/score_samplers_test.py" line="82" time="0.005" /><testcase classname="tests.score_samplers_test" name="test_score_fn_guidance_general[2-guidance_method6-subvp]" file="tests/score_samplers_test.py" line="82" time="0.006" /><testcase classname="tests.score_samplers_test" name="test_score_fn_guidance_general[2-guidance_method7-ve]" file="tests/score_samplers_test.py" line="82" time="0.005" /><testcase classname="tests.score_samplers_test" name="test_score_fn_guidance_general[3-guidance_method0-vp]" file="tests/score_samplers_test.py" line="82" time="0.310" /><testcase classname="tests.embedding_net_test" name="test_embedding_api_with_multiple_trials[mcmc-2-2-2]" file="tests/embedding_net_test.py" line="87" time="2.831" /><testcase classname="tests.score_samplers_test" name="test_score_fn_guidance_general[3-guidance_method2-subvp]" file="tests/score_samplers_test.py" line="82" time="0.307" /><testcase classname="tests.metrics_test" name="test_c2st_with_constant_features[1]" file="tests/metrics_test.py" line="76" time="1.085" /><testcase classname="tests.score_samplers_test" name="test_score_fn_guidance_general[3-guidance_method3-ve]" file="tests/score_samplers_test.py" line="82" time="0.005" /><testcase classname="tests.score_samplers_test" name="test_score_fn_guidance_general[3-guidance_method4-vp]" file="tests/score_samplers_test.py" line="82" time="0.005" /><testcase classname="tests.score_samplers_test" name="test_score_fn_guidance_general[3-guidance_method6-subvp]" file="tests/score_samplers_test.py" line="82" time="0.006" /><testcase classname="tests.score_samplers_test" name="test_score_fn_guidance_general[3-guidance_method7-ve]" file="tests/score_samplers_test.py" line="82" time="0.005" /><testcase classname="tests.score_samplers_test" name="test_score_fn_combined_guidance_and_iid[guidance_method0-gauss-ve]" file="tests/score_samplers_test.py" line="133" time="0.228" /><testcase classname="tests.score_samplers_test" name="test_score_fn_combined_guidance_and_iid[guidance_method1-gauss-ve]" file="tests/score_samplers_test.py" line="133" time="0.229" /><testcase classname="tests.score_samplers_test" name="test_gaussian_score_sampling[1.0--1.0-input_event_shape0-None-euler_maruyama-ve]" file="tests/score_samplers_test.py" line="171" time="0.081" /><testcase classname="tests.score_samplers_test" name="test_gaussian_score_sampling[1.0--1.0-input_event_shape0-None-euler_maruyama-subvp]" file="tests/score_samplers_test.py" line="171" time="0.125" /><testcase classname="tests.score_samplers_test" name="test_gaussian_score_sampling[1.0--1.0-input_event_shape0-gibbs-euler_maruyama-ve]" file="tests/score_samplers_test.py" line="171" time="0.559" /><testcase classname="tests.metrics_test" name="test_distance_identity_property[mse_distance-identical_inputs0]" file="tests/metrics_test.py" line="205" time="0.003" /><testcase classname="tests.misspecification_test" name="test_mmd_x_emedding[2-1000]" file="tests/misspecification_test.py" line="90" time="8.214" /><testcase classname="tests.embedding_net_test" name="test_1d_and_2d_cnn_embedding_net[2-input_shape0]" file="tests/embedding_net_test.py" line="134" time="0.074" /><testcase classname="tests.embedding_net_test" name="test_1d_and_2d_cnn_embedding_net[3-input_shape2]" file="tests/embedding_net_test.py" line="134" time="0.164" /><testcase classname="tests.embedding_net_test" name="test_1d_fc_embedding_net[ReLU-True-32-2-input_shape0]" file="tests/embedding_net_test.py" line="173" time="0.021" /><testcase classname="tests.embedding_net_test" name="test_1d_fc_embedding_net[ReLU-True-64-2-input_shape0]" file="tests/embedding_net_test.py" line="173" time="0.019" /><testcase classname="tests.embedding_net_test" name="test_1d_fc_embedding_net[ReLU-False-32-2-input_shape0]" file="tests/embedding_net_test.py" line="173" time="0.018" /><testcase classname="tests.embedding_net_test" name="test_1d_fc_embedding_net[ReLU-False-64-2-input_shape0]" file="tests/embedding_net_test.py" line="173" time="0.019" /><testcase classname="tests.embedding_net_test" name="test_1d_fc_embedding_net[GELU-True-32-2-input_shape0]" file="tests/embedding_net_test.py" line="173" time="0.020" /><testcase classname="tests.embedding_net_test" name="test_1d_fc_embedding_net[GELU-True-64-2-input_shape0]" file="tests/embedding_net_test.py" line="173" time="0.020" /><testcase classname="tests.embedding_net_test" name="test_1d_fc_embedding_net[GELU-False-32-2-input_shape0]" file="tests/embedding_net_test.py" line="173" time="0.018" /><testcase classname="tests.embedding_net_test" name="test_1d_fc_embedding_net[GELU-False-64-2-input_shape0]" file="tests/embedding_net_test.py" line="173" time="0.018" /><testcase classname="tests.linearGaussian_snpe_test" name="test_api_force_first_round_loss[True-False-NPE_C]" file="tests/linearGaussian_snpe_test.py" line="565" time="0.289" /><testcase classname="tests.embedding_net_test" name="test_spectral_conf_embedding[2-8-8-input_shape1]" file="tests/embedding_net_test.py" line="199" time="0.103" /><testcase classname="tests.embedding_net_test" name="test_spectral_conf_embedding[2-5-8-input_shape1]" file="tests/embedding_net_test.py" line="199" time="0.102" /><testcase classname="tests.embedding_net_test" name="test_spectral_conf_embedding[3-8-8-input_shape1]" file="tests/embedding_net_test.py" line="199" time="0.113" /><testcase classname="tests.linearGaussian_snpe_test" name="test_api_force_first_round_loss[False-False-NPE_C]" file="tests/linearGaussian_snpe_test.py" line="565" time="0.120"><skipped type="pytest.xfail" message="" /></testcase><testcase classname="tests.posterior_parameters_test" name="test_resolve_prior_missing_prior[importance-NPE_C]" file="tests/posterior_parameters_test.py" line="418" time="0.027"><skipped type="pytest.xfail" message="Prior required for non-direct sampling methods" /></testcase><testcase classname="tests.posterior_parameters_test" name="test_inference_method_with_valid_sample_with[NPE_C-rejection]" file="tests/posterior_parameters_test.py" line="463" time="0.809" /><testcase classname="tests.linearGaussian_snpe_test" name="test_mdn_conditional_density" file="tests/linearGaussian_snpe_test.py" line="728" time="2.757" /><testcase classname="tests.posterior_parameters_test" name="test_inference_method_with_valid_sample_with[NLE_A-vi]" file="tests/posterior_parameters_test.py" line="463" time="0.748" /><testcase classname="tests.posterior_parameters_test" name="test_inference_method_with_valid_sample_with[NRE_B-importance]" file="tests/posterior_parameters_test.py" line="463" time="0.015" /><testcase classname="tests.posterior_parameters_test" name="test_inference_method_with_valid_sample_with[FMPE-sde]" file="tests/posterior_parameters_test.py" line="463" time="0.216" /><testcase classname="tests.posterior_sampler_test" name="test_api_posterior_sampler_set[1-hmc_pymc]" file="tests/posterior_sampler_test.py" line="21" time="6.750" /><testcase classname="tests.linearGaussian_snpe_test" name="test_example_posterior[NPE_B]" file="tests/linearGaussian_snpe_test.py" line="795" time="0.044" /><testcase classname="tests.linearGaussian_snre_test" name="test_api_nre_multiple_trials_and_rounds_map[NRE_B-1]" file="tests/linearGaussian_snre_test.py" line="40" time="0.772" /><testcase classname="tests.linearGaussian_snre_test" name="test_api_nre_multiple_trials_and_rounds_map[NRE_C-1]" file="tests/linearGaussian_snre_test.py" line="40" time="0.740" /><testcase classname="tests.linearGaussian_vector_field_test" name="test_c2st_vector_field_on_linearGaussian[vp-1-gaussian-sample_with0]" file="tests/linearGaussian_vector_field_test.py" line="45" time="15.369" /><testcase classname="tests.mixture_density_estimator_test.TestMultivariateGaussianMDNCreation" name="test_mdn_custom_initialization" file="tests/mixture_density_estimator_test.py" line="94" time="0.005" /><testcase classname="tests.mixture_density_estimator_test.TestMultivariateGaussianMDNDimensions" name="test_different_feature_dims[1]" file="tests/mixture_density_estimator_test.py" line="113" time="0.004" /><testcase classname="tests.mixture_density_estimator_test.TestMultivariateGaussianMDNDimensions" name="test_different_num_components[20]" file="tests/mixture_density_estimator_test.py" line="135" time="0.003" /><testcase classname="tests.mixture_density_estimator_test.TestMixtureDensityEstimatorCreation" name="test_estimator_creation_with_embedding_net" file="tests/mixture_density_estimator_test.py" line="376" time="0.003" /><testcase classname="tests.mnle_test" name="test_mnle_api[independent-mdn-vi]" file="tests/mnle_test.py" line="104" time="2.495" /><testcase classname="tests.pyroutils_test" name="test_estimator_distribution_basic_properties[NPE_C-ConditionalDensityEstimatorDistribution-5]" file="tests/pyroutils_test.py" line="221" time="1.309" /><testcase classname="tests.mnle_test" name="test_mnle_api[independent-nsf-mcmc]" file="tests/mnle_test.py" line="104" time="0.309" /><testcase classname="tests.mnle_test" name="test_mnle_api[independent-zuko_nsf-rejection]" file="tests/mnle_test.py" line="104" time="1.975" /><testcase classname="tests.ratio_estimator_test" name="test_api_ratio_estimator[x_shape0-theta_shape1-RatioEstimator]" file="tests/ratio_estimator_test.py" line="33" time="0.004" /><testcase classname="tests.ratio_estimator_test" name="test_api_ratio_estimator[x_shape0-theta_shape3-RatioEstimator]" file="tests/ratio_estimator_test.py" line="33" time="0.004" /><testcase classname="tests.ratio_estimator_test" name="test_api_ratio_estimator[x_shape0-theta_shape4-RatioEstimator]" file="tests/ratio_estimator_test.py" line="33" time="0.006" /><testcase classname="tests.ratio_estimator_test" name="test_api_ratio_estimator[x_shape2-theta_shape6-RatioEstimator]" file="tests/ratio_estimator_test.py" line="33" time="0.006" /><testcase classname="tests.ratio_estimator_test" name="test_api_ratio_estimator[x_shape3-theta_shape0-RatioEstimator]" file="tests/ratio_estimator_test.py" line="33" time="0.004" /><testcase classname="tests.ratio_estimator_test" name="test_api_ratio_estimator[x_shape3-theta_shape4-RatioEstimator]" file="tests/ratio_estimator_test.py" line="33" time="0.006" /><testcase classname="tests.ratio_estimator_test" name="test_api_ratio_estimator[x_shape4-theta_shape3-RatioEstimator]" file="tests/ratio_estimator_test.py" line="33" time="0.006" /><testcase classname="tests.ratio_estimator_test" name="test_api_ratio_estimator[x_shape4-theta_shape4-RatioEstimator]" file="tests/ratio_estimator_test.py" line="33" time="0.007" /><testcase classname="tests.ratio_estimator_test" name="test_api_ratio_estimator[x_shape5-theta_shape3-RatioEstimator]" file="tests/ratio_estimator_test.py" line="33" time="0.006" /><testcase classname="tests.ratio_estimator_test" name="test_api_ratio_estimator[x_shape6-theta_shape4-RatioEstimator]" file="tests/ratio_estimator_test.py" line="33" time="0.008" /><testcase classname="tests.rejection_sampling_test" name="test_accept_reject_sample_partial_return" file="tests/rejection_sampling_test.py" line="125" time="0.004" /><testcase classname="tests.save_and_load_test" name="test_picklability[FMPE-VectorFieldPosteriorParameters]" file="tests/save_and_load_test.py" line="20" time="0.072" /><testcase classname="tests.save_and_load_test" name="test_picklability[NRE_B-MCMCPosteriorParameters]" file="tests/save_and_load_test.py" line="20" time="0.825" /><testcase classname="tests.sbc_test" name="test_running_sbc[NPSE-None-independent-marginals]" file="tests/sbc_test.py" line="67" time="1.072" /><testcase classname="tests.mnle_test" name="test_mnle_api[none-nsf-vi]" file="tests/mnle_test.py" line="104" time="8.222" /><testcase classname="tests.sbc_test" name="test_sbc_accuracy" file="tests/sbc_test.py" line="206" time="5.268" /><testcase classname="tests.sbc_test" name="test_sbc_plotting[1-legend_kwargs1-cdf-None]" file="tests/sbc_test.py" line="271" time="0.169" /><testcase classname="tests.sbc_test" name="test_sbc_plotting[2-None-hist-None]" file="tests/sbc_test.py" line="271" time="0.105" /><testcase classname="tests.sbc_test" name="test_sbc_plotting[2-None-hist-30]" file="tests/sbc_test.py" line="271" time="0.077" /><testcase classname="tests.sbc_test" name="test_sbc_parallelization[2]" file="tests/sbc_test.py" line="305" time="0.042" /><testcase classname="tests.sbiutils_test" name="test_conditional_density_1d" file="tests/sbiutils_test.py" line="28" time="0.004" /><testcase classname="tests.mnle_test" name="test_log_likelihood_over_local_iid_theta[1-1-1-1]" file="tests/mnle_test.py" line="349" time="0.042" /><testcase classname="tests.mnle_test" name="test_log_likelihood_over_local_iid_theta[1-2-1-1]" file="tests/mnle_test.py" line="349" time="0.036"><skipped type="pytest.xfail" message="Batched x not supported for iid trials." /></testcase><testcase classname="tests.mnle_test" name="test_log_likelihood_over_local_iid_theta[1-2-1-10]" file="tests/mnle_test.py" line="349" time="0.036"><skipped type="pytest.xfail" message="Batched x not supported for iid trials." /></testcase><testcase classname="tests.mnpe_test" name="test_mnpe_api[0.0-embedding_net0-independent-zuko_nsf]" file="tests/mnpe_test.py" line="151" time="0.072" /><testcase classname="tests.mnpe_test" name="test_mnpe_api[0.0-embedding_net1-independent-mdn]" file="tests/mnpe_test.py" line="151" time="0.052" /><testcase classname="tests.mnpe_test" name="test_mnpe_api[0.0-embedding_net1-none-nsf]" file="tests/mnpe_test.py" line="151" time="0.072" /><testcase classname="tests.mnpe_test" name="test_mnpe_api[0.5-embedding_net0-independent-zuko_nsf]" file="tests/mnpe_test.py" line="151" time="0.137" /><testcase classname="tests.mnpe_test" name="test_mnpe_api[0.5-embedding_net1-independent-mdn]" file="tests/mnpe_test.py" line="151" time="0.025" /><testcase classname="tests.mnpe_test" name="test_mnpe_api[0.5-embedding_net1-none-nsf]" file="tests/mnpe_test.py" line="151" time="0.073" /><testcase classname="tests.mog_test.TestMoGLogProb" name="test_log_prob_shape[input_shape1-expected_shape1]" file="tests/mog_test.py" line="89" time="0.003" /><testcase classname="tests.mog_test.TestMoGSample" name="test_sample_shape[sample_shape0-expected_shape0]" file="tests/mog_test.py" line="111" time="0.003" /><testcase classname="tests.mog_test.TestMoGFromGaussian" name="test_from_gaussian_precision_is_inverse_of_cov" file="tests/mog_test.py" line="228" time="0.002" /><testcase classname="tests.mog_test.TestMoGNumericalStability" name="test_nan_logits_rejected" file="tests/mog_test.py" line="332" time="0.003" /><testcase classname="tests.plot_test" name="test_pairplot1D[None-samples0]" file="tests/plot_test.py" line="25" time="0.103" /><testcase classname="tests.linearGaussian_vector_field_test" name="test_c2st_vector_field_on_linearGaussian[fmpe-3-gaussian-sample_with7]" file="tests/linearGaussian_vector_field_test.py" line="45" time="10.022" /><testcase classname="tests.plot_test" name="test_nan_inf[None-samples0]" file="tests/plot_test.py" line="34" time="0.035" /><testcase classname="tests.plot_test" name="test_pairplot[None-None-None-None-None-None-figsize0-hist-None-None-scatter-None-limits0-points0-samples1]" file="tests/plot_test.py" line="46" time="0.231" /><testcase classname="tests.plot_test" name="test_pairplot[None-None-None-None-None-None-figsize0-hist-None-None-scatter-None-None-points0-samples1]" file="tests/plot_test.py" line="46" time="0.069" /><testcase classname="tests.plot_test" name="test_pairplot[None-None-None-None-None-None-figsize0-hist-None-None-scatter-subset1-None-points0-samples0]" file="tests/plot_test.py" line="46" time="0.034" /><testcase classname="tests.plot_test" name="test_pairplot[None-None-None-None-None-None-figsize0-hist-scatter-lower_kwargs1-scatter-subset1-limits0-points0-samples0]" file="tests/plot_test.py" line="46" time="0.036" /><testcase classname="tests.plot_test" name="test_pairplot[None-None-None-None-None-None-figsize0-hist-scatter-lower_kwargs1-scatter-subset1-limits0-points0-samples1]" file="tests/plot_test.py" line="46" time="0.041" /><testcase classname="tests.plot_test" name="test_pairplot[None-None-None-None-None-None-figsize0-hist-scatter-lower_kwargs1-scatter-subset1-None-points0-samples1]" file="tests/plot_test.py" line="46" time="0.040" /><testcase classname="tests.linearGaussian_vector_field_test" name="test_c2st_vector_field_on_linearGaussian_different_dims[NPSE]" file="tests/linearGaussian_vector_field_test.py" line="153" time="7.604" /><testcase classname="tests.linearGaussian_vector_field_test" name="test_vfinference_with_different_models[mlp-NPSE]" file="tests/linearGaussian_vector_field_test.py" line="209" time="6.042" /><testcase classname="tests.marginal_estimator_test" name="test_marginal_estimator[nsf-cpu-dist0]" file="tests/marginal_estimator_test.py" line="22" time="2.305" /></testsuite></testsuites>